[   67440ms] [ERROR] ErrorUtils caught an error:

[storage] storage bucket persistence denied (aquire-persistent-storage-denied)

Subsequent non-fatal errors won't be logged; see https://fburl.com/debugjs. {column: 17870, clientTime: 1777483946, extra: Object, guardList: Array(0), hash: uhs4nn} @ https://static.whatsapp.net/rsrc.php/v4/yO/r/_yY9P-NFw0B.js:78
[   79085ms] [WARNING] The PerformanceObserver does not support buffered flag with the entryTypes argument. @ https://static.whatsapp.net/rsrc.php/v4/y9/r/F3Bh_vg1Dvim6NV_qlaKim2hltPW6O38rldZ17Mi43IFPbjCpseDapUrBGl1VNl-DEa_zHNlDMhh_CeeUTDH2pdaN2BaG9ISuhoe0qnL2dG90HwJ34wthXfB3u63lw_MkRQA.js:169
[   79174ms] [WARNING] WARNING: Too many active WebGL contexts. Oldest context will be lost. @ https://static.whatsapp.net/rsrc.php/v4i0BC4/yz/l/en_GB-j/S9_2iB7AO0Y.js:275
[   79183ms] [WARNING] WARNING: Too many active WebGL contexts. Oldest context will be lost. @ https://static.whatsapp.net/rsrc.php/v4i0BC4/yz/l/en_GB-j/S9_2iB7AO0Y.js:275
[   84751ms] [ERROR] Refused to display 'https://flows.whatsapp.net/' in a frame because it set 'X-Frame-Options' to 'deny'. @ chrome-error://chromewebdata/:0
[   86874ms] [ERROR] Failed to load resource: the server responded with a status of 403 () @ https://media-lhr8-1.cdn.whatsapp.net/v/t62.36145-24/594475204_913571721474234_3906776848946700610_n.enc?ccb=11-4&oh=01_Q5Aa4AGXITPI8-VfD8U7UpnAEn3KMd387OJ-6WZ4RujpnDIsCw&oe=69F1EAC1&_nc_sid=5e03e0&hash=kHz5VLz7zjb0pnos9osNvjz9DkI9u_yi4o-9OL6q2F0%3D&mms-type=thumbnail-document&__wa-mms=:0
[   86914ms] [ERROR] Loading the image 'https://static.whatsapp.net/rsrc.php/yd/r/PfkSLByWV8O.webp' violates the following Content Security Policy directive: "img-src 'self' blob:". The action has been blocked. @ https://webtp.whatsapp.net/pdf-viewer/?locale=en_GB:0
[   86914ms] [ERROR] Loading the image 'https://static.whatsapp.net/rsrc.php/yI/r/EoOh62-jiPS.webp' violates the following Content Security Policy directive: "img-src 'self' blob:". The action has been blocked. @ https://webtp.whatsapp.net/pdf-viewer/?locale=en_GB:0
[   91801ms] [ERROR] ErrorUtils caught an error:

[storage] storage bucket persistence denied (aquire-persistent-storage-denied)

Subsequent non-fatal errors won't be logged; see https://fburl.com/debugjs. {column: 17870, clientTime: 1777483970, extra: Object, guardList: Array(0), hash: ijfs2n} @ https://static.whatsapp.net/rsrc.php/v4/yO/r/_yY9P-NFw0B.js:78
[   92599ms] [WARNING] The PerformanceObserver does not support buffered flag with the entryTypes argument. @ https://static.whatsapp.net/rsrc.php/v4/y9/r/F3Bh_vg1Dvim6NV_qlaKim2hltPW6O38rldZ17Mi43IFPbjCpseDapUrBGl1VNl-DEa_zHNlDMhh_CeeUTDH2pdaN2BaG9ISuhoe0qnL2dG90HwJ34wthXfB3u63lw_MkRQA.js:169
[  159625ms] [ERROR] Failed to load resource: the server responded with a status of 403 () @ https://media-los4-1.cdn.whatsapp.net/v/t62.36145-24/594475204_913571721474234_3906776848946700610_n.enc?ccb=11-4&oh=01_Q5Aa4AGXITPI8-VfD8U7UpnAEn3KMd387OJ-6WZ4RujpnDIsCw&oe=69F1EAC1&_nc_sid=5e03e0&hash=kHz5VLz7zjb0pnos9osNvjz9DkI9u_yi4o-9OL6q2F0%3D&mms-type=thumbnail-document&__wa-mms=:0
[  161195ms] [ERROR] Loading the image 'https://static.whatsapp.net/rsrc.php/yd/r/PfkSLByWV8O.webp' violates the following Content Security Policy directive: "img-src 'self' blob:". The action has been blocked. @ https://webtp.whatsapp.net/pdf-viewer/?locale=en_US:0
[  161195ms] [ERROR] Loading the image 'https://static.whatsapp.net/rsrc.php/yI/r/EoOh62-jiPS.webp' violates the following Content Security Policy directive: "img-src 'self' blob:". The action has been blocked. @ https://webtp.whatsapp.net/pdf-viewer/?locale=en_US:0
[  161590ms] [ERROR] Permissions policy violation: unload is not allowed in this document. @ https://static.whatsapp.net/rsrc.php/v4/yO/r/_yY9P-NFw0B.js:239
[  180661ms] [ERROR] Failed to load resource: the server responded with a status of 410 () @ https://media.flos5-2.fna.whatsapp.net/v/t62.7118-24/669529163_2037607884299519_1049467364402746715_n.enc?ccb=11-4&oh=01_Q5Aa4QFqYyxmmYmgm7JoQD2jf_Ia03MF7tHBGAyIWFgh3bTYoA&oe=69FECD1A&_nc_sid=5e03e0&_nc_hot=1775718850&hash=NcbUUuKHQObc7z3UAMMXVmWdFA-Sg3lwKEdyVBABt_g%3D&_nc_cat=104&mode=auto&mms-type=image&__wa-mms=:0
[  180692ms] [ERROR] Failed to load resource: the server responded with a status of 410 () @ https://media.flos5-3.fna.whatsapp.net/v/t62.7118-24/652067868_1487292089459381_6098845079026076691_n.enc?ccb=11-4&oh=01_Q5Aa4QHB0bPdaoOPY8g29CMJo71VyT8m0nFwHOZRHur9C89mmA&oe=69FE2579&_nc_sid=5e03e0&hash=EpzVbmM0o-ud4dtiTrObIUPKO2hK-SSzS05nr697qOk%3D&_nc_cat=109&mode=auto&mms-type=image&__wa-mms=:0
[  180693ms] [ERROR] Failed to load resource: the server responded with a status of 410 () @ https://media.flos5-2.fna.whatsapp.net/v/t62.7118-24/558802294_2968724849992482_1537803452546127633_n.enc?ccb=11-4&oh=01_Q5Aa4QHhgmjnuYVKKeNbKVRaQkNm6s4wjcvM8ehaejiKmFK13Q&oe=69FE36DD&_nc_sid=5e03e0&hash=JYMYNlBrQFgXxqKRzTrhYC1WM6RUVd7XXbtAfWEv0yI%3D&_nc_cat=106&mode=auto&mms-type=image&__wa-mms=:0
[  181852ms] [ERROR] Access to fetch at 'https://dit.whatsapp.net/deidentified_telemetry' from origin 'https://web.whatsapp.com' has been blocked by CORS policy: No 'Access-Control-Allow-Origin' header is present on the requested resource. @ https://web.whatsapp.com/:0
[  181853ms] [ERROR] Failed to load resource: net::ERR_FAILED @ https://dit.whatsapp.net/deidentified_telemetry:0
[  182616ms] [ERROR] Access to fetch at 'https://dit.whatsapp.net/deidentified_telemetry' from origin 'https://web.whatsapp.com' has been blocked by CORS policy: No 'Access-Control-Allow-Origin' header is present on the requested resource. @ https://web.whatsapp.com/:0
[  182616ms] [ERROR] Failed to load resource: net::ERR_FAILED @ https://dit.whatsapp.net/deidentified_telemetry:0
[  183530ms] [ERROR] Access to fetch at 'https://dit.whatsapp.net/deidentified_telemetry' from origin 'https://web.whatsapp.com' has been blocked by CORS policy: No 'Access-Control-Allow-Origin' header is present on the requested resource. @ https://web.whatsapp.com/:0
[  183530ms] [ERROR] Failed to load resource: net::ERR_FAILED @ https://dit.whatsapp.net/deidentified_telemetry:0
[  184867ms] [ERROR] Access to fetch at 'https://dit.whatsapp.net/deidentified_telemetry' from origin 'https://web.whatsapp.com' has been blocked by CORS policy: No 'Access-Control-Allow-Origin' header is present on the requested resource. @ https://web.whatsapp.com/:0
[  184867ms] [ERROR] Failed to load resource: net::ERR_FAILED @ https://dit.whatsapp.net/deidentified_telemetry:0
[  400204ms] [ERROR] Access to fetch at 'https://dit.whatsapp.net/deidentified_telemetry' from origin 'https://web.whatsapp.com' has been blocked by CORS policy: No 'Access-Control-Allow-Origin' header is present on the requested resource. @ https://web.whatsapp.com/:0
[  400205ms] [ERROR] Failed to load resource: net::ERR_FAILED @ https://dit.whatsapp.net/deidentified_telemetry:0
[  400206ms] [ERROR] Access to fetch at 'https://dit.whatsapp.net/deidentified_telemetry' from origin 'https://web.whatsapp.com' has been blocked by CORS policy: No 'Access-Control-Allow-Origin' header is present on the requested resource. @ https://web.whatsapp.com/:0
[  400206ms] [ERROR] Failed to load resource: net::ERR_FAILED @ https://dit.whatsapp.net/deidentified_telemetry:0
[  400361ms] [ERROR] Access to fetch at 'https://dit.whatsapp.net/deidentified_telemetry' from origin 'https://web.whatsapp.com' has been blocked by CORS policy: No 'Access-Control-Allow-Origin' header is present on the requested resource. @ https://web.whatsapp.com/:0
[  400362ms] [ERROR] Failed to load resource: net::ERR_FAILED @ https://dit.whatsapp.net/deidentified_telemetry:0
[  400711ms] [ERROR] Access to fetch at 'https://dit.whatsapp.net/deidentified_telemetry' from origin 'https://web.whatsapp.com' has been blocked by CORS policy: No 'Access-Control-Allow-Origin' header is present on the requested resource. @ https://web.whatsapp.com/:0
[  400711ms] [ERROR] Failed to load resource: net::ERR_FAILED @ https://dit.whatsapp.net/deidentified_telemetry:0
[  400712ms] [ERROR] Access to fetch at 'https://dit.whatsapp.net/deidentified_telemetry' from origin 'https://web.whatsapp.com' has been blocked by CORS policy: No 'Access-Control-Allow-Origin' header is present on the requested resource. @ https://web.whatsapp.com/:0
[  400713ms] [ERROR] Failed to load resource: net::ERR_FAILED @ https://dit.whatsapp.net/deidentified_telemetry:0
[  401040ms] [ERROR] Access to fetch at 'https://dit.whatsapp.net/deidentified_telemetry' from origin 'https://web.whatsapp.com' has been blocked by CORS policy: No 'Access-Control-Allow-Origin' header is present on the requested resource. @ https://web.whatsapp.com/:0
[  401041ms] [ERROR] Failed to load resource: net::ERR_FAILED @ https://dit.whatsapp.net/deidentified_telemetry:0
[  401491ms] [ERROR] Access to fetch at 'https://dit.whatsapp.net/deidentified_telemetry' from origin 'https://web.whatsapp.com' has been blocked by CORS policy: No 'Access-Control-Allow-Origin' header is present on the requested resource. @ https://web.whatsapp.com/:0
[  401492ms] [ERROR] Failed to load resource: net::ERR_FAILED @ https://dit.whatsapp.net/deidentified_telemetry:0
[  401498ms] [ERROR] Access to fetch at 'https://dit.whatsapp.net/deidentified_telemetry' from origin 'https://web.whatsapp.com' has been blocked by CORS policy: No 'Access-Control-Allow-Origin' header is present on the requested resource. @ https://web.whatsapp.com/:0
[  401498ms] [ERROR] Failed to load resource: net::ERR_FAILED @ https://dit.whatsapp.net/deidentified_telemetry:0
[  401799ms] [ERROR] Access to fetch at 'https://dit.whatsapp.net/deidentified_telemetry' from origin 'https://web.whatsapp.com' has been blocked by CORS policy: No 'Access-Control-Allow-Origin' header is present on the requested resource. @ https://web.whatsapp.com/:0
[  401800ms] [ERROR] Failed to load resource: net::ERR_FAILED @ https://dit.whatsapp.net/deidentified_telemetry:0
[  402744ms] [ERROR] Access to fetch at 'https://dit.whatsapp.net/deidentified_telemetry' from origin 'https://web.whatsapp.com' has been blocked by CORS policy: No 'Access-Control-Allow-Origin' header is present on the requested resource. @ https://web.whatsapp.com/:0
[  402745ms] [ERROR] Failed to load resource: net::ERR_FAILED @ https://dit.whatsapp.net/deidentified_telemetry:0
[  402813ms] [ERROR] Access to fetch at 'https://dit.whatsapp.net/deidentified_telemetry' from origin 'https://web.whatsapp.com' has been blocked by CORS policy: No 'Access-Control-Allow-Origin' header is present on the requested resource. @ https://web.whatsapp.com/:0
[  402813ms] [ERROR] Failed to load resource: net::ERR_FAILED @ https://dit.whatsapp.net/deidentified_telemetry:0
[  403052ms] [ERROR] Access to fetch at 'https://dit.whatsapp.net/deidentified_telemetry' from origin 'https://web.whatsapp.com' has been blocked by CORS policy: No 'Access-Control-Allow-Origin' header is present on the requested resource. @ https://web.whatsapp.com/:0
[  403052ms] [ERROR] Failed to load resource: net::ERR_FAILED @ https://dit.whatsapp.net/deidentified_telemetry:0
[ 1702854ms] [ERROR] Failed to load resource: the server responded with a status of 403 () @ https://media.flos5-3.fna.whatsapp.net/v/t62.7118-24/544414603_1832552041035564_1291181567640810460_n.enc?ccb=11-4&oh=01_Q5Aa4AHd-PysCBABRky4D6FrTdEStLyNx9u2L6BAStVqlwXZFA&oe=69D931CF&_nc_sid=5e03e0&hash=UtRigzqEPi4CAaGSWv_KVo80jwn4xvAV4IQlOghBUrk%3D&_nc_cat=109&mode=auto&mms-type=image&__wa-mms=:0
[ 1702857ms] [ERROR] Failed to load resource: the server responded with a status of 403 () @ https://media.flos5-3.fna.whatsapp.net/v/t62.7118-24/651505929_946222954604487_6590487627489971286_n.enc?ccb=11-4&oh=01_Q5Aa4AGmY1RZtOV1vAyb43rsDGGGqjhcJoX2-62zqVtRKUxLCQ&oe=69D9C8BA&_nc_sid=5e03e0&hash=kRl0vXbTIQM2wvEnpJ_h2Mg8sBBQ4WQJZnsJMKbepmc%3D&_nc_cat=107&mode=auto&mms-type=image&__wa-mms=:0
[ 1702858ms] [ERROR] Failed to load resource: the server responded with a status of 403 () @ https://media.flos5-3.fna.whatsapp.net/v/t62.7118-24/543696604_952480900552202_1582643516112438888_n.enc?ccb=11-4&oh=01_Q5Aa4AG5ItiYfQUnOQ4CSTIn6RL5V-URdfcpkKvZBL1PllcDgg&oe=69DB48B5&_nc_sid=5e03e0&hash=XKDa8fWOw7QAl4go_U7m4PJUJ9-9BlFjQsi6cdz2JGU%3D&_nc_cat=109&mode=auto&mms-type=image&__wa-mms=:0
[ 1702860ms] [ERROR] Failed to load resource: the server responded with a status of 403 () @ https://media.flos5-3.fna.whatsapp.net/v/t62.7118-24/652034229_1641513647043670_1174824096283106752_n.enc?ccb=11-4&oh=01_Q5Aa4AEDyTl1FDQ-_STfRQi1Agw1tgs4T0Q-4qcpjObDhIxqHQ&oe=69DB6160&_nc_sid=5e03e0&_nc_hot=1773393261&hash=J20Ss1bd8VmGZUbleL6NaZ_HG0lJAz7qx9JSmOsrphs%3D&_nc_cat=111&mode=auto&mms-type=image&__wa-mms=:0
[ 1702862ms] [ERROR] Failed to load resource: the server responded with a status of 403 () @ https://media.flos5-2.fna.whatsapp.net/v/t62.7118-24/553679255_924338550075080_7798435461214841410_n.enc?ccb=11-4&oh=01_Q5Aa4AHizXS6kpiGISN8GmS_APvH__qMsuGBrZaM2_3L1JYkig&oe=69D8D197&_nc_sid=5e03e0&hash=rlQY0rjYHiegEmbWd8LRPnX9qODShfjQ6D_LskGyvw4%3D&_nc_cat=102&mode=auto&mms-type=image&__wa-mms=:0
[ 1702863ms] [ERROR] Failed to load resource: the server responded with a status of 403 () @ https://media.flos5-2.fna.whatsapp.net/v/t62.7118-24/541400345_903731942288769_1260361378725213192_n.enc?ccb=11-4&oh=01_Q5Aa4AFfInlwRw89glEbygac5lk3o6zxJb5egPWlhtdYH5pplA&oe=69DA27B3&_nc_sid=5e03e0&hash=-HqKei8YkMt9zrJae7N2_IlaqBHZK0oPfqmVDiWvb3A%3D&_nc_cat=104&mode=auto&mms-type=image&__wa-mms=:0
[ 1702868ms] [ERROR] Failed to load resource: the server responded with a status of 403 () @ https://media.flos5-2.fna.whatsapp.net/v/t62.7118-24/582411442_26109438365405670_5873065829201232608_n.enc?ccb=11-4&oh=01_Q5Aa4AEq6eBEgc339mzkikI9RSTmLF2dqz6iHAf54ywbteII5Q&oe=69DB45DB&_nc_sid=5e03e0&hash=gcQzmh30d9-fDLIUjfDzVRWuiwU_xOSYxXsFDKsilmo%3D&_nc_cat=106&mode=auto&mms-type=image&__wa-mms=:0
[ 1702870ms] [ERROR] Failed to load resource: the server responded with a status of 403 () @ https://media.flos5-2.fna.whatsapp.net/v/t62.7118-24/553153245_1580596412995698_7919071335840743077_n.enc?ccb=11-4&oh=01_Q5Aa4AFnYRk4Ncym9A4j8Ylj3urqxsVvxxkUFao-qMCTi5riCQ&oe=69DB493C&_nc_sid=5e03e0&_nc_hot=1773393260&hash=VWx1ihsGFXnkaBaQR4GNUePjnKDFFw59CsXB_2XyUmk%3D&_nc_cat=105&mode=auto&mms-type=image&__wa-mms=:0
[ 1702871ms] [ERROR] Failed to load resource: the server responded with a status of 403 () @ https://media.flos5-2.fna.whatsapp.net/v/t62.7118-24/552706461_925481140236261_913222768097161523_n.enc?ccb=11-4&oh=01_Q5Aa4AFk61bGV6bzT1rVHej8ktyiZ3CBIFHlsVsDeXBWZIz_9Q&oe=69DB3C2F&_nc_sid=5e03e0&_nc_hot=1773393261&hash=RDv8w6Y53SLQQ7fLaoPbuOmS7GmMsP6ZqKYNcW70neg%3D&_nc_cat=104&mode=auto&mms-type=image&__wa-mms=:0
[ 1702872ms] [ERROR] Failed to load resource: the server responded with a status of 403 () @ https://media.flos5-3.fna.whatsapp.net/v/t62.7118-24/563200782_956828293540899_5343128517991900221_n.enc?ccb=11-4&oh=01_Q5Aa4AHYhNj_TT420gFmMbisLhR3Y_pGwCzZgRG_ZqMaW-P1Vw&oe=69E0F905&_nc_sid=5e03e0&_nc_hot=1773773103&hash=51k9sKaOAc40bnQEG31yleYpYYOqwaLHs-GxOSosaRc%3D&_nc_cat=107&mode=auto&mms-type=image&__wa-mms=:0
[ 1702874ms] [ERROR] Failed to load resource: the server responded with a status of 403 () @ https://media.flos5-3.fna.whatsapp.net/v/t62.7118-24/545531486_1480472240251340_8178580778656369520_n.enc?ccb=11-4&oh=01_Q5Aa4AH5FGZPT2qak4rlMHQUY4MK7pgE511wsGwJfYh-woPJjQ&oe=69EC472C&_nc_sid=5e03e0&hash=Y8nK2yTXxADBlNhTuZ6mBcmcf0iBZp6U_NyeFRaPXII%3D&_nc_cat=110&mode=auto&mms-type=image&__wa-mms=:0
[ 1702878ms] [ERROR] Failed to load resource: the server responded with a status of 403 () @ https://media.flos5-2.fna.whatsapp.net/v/t62.7118-24/604468879_1291655259521646_6432330256268484161_n.enc?ccb=11-4&oh=01_Q5Aa4AFQkOKNujhOD1qBun9sOHyx3MtJe4ZHA1v3XQEJ0U8ESQ&oe=69DB3553&_nc_sid=5e03e0&_nc_hot=1773393261&hash=aJgQq_ILkoHQbFpksS7Sl1Y0T2-UEQrysIhG0FHYYQs%3D&_nc_cat=103&mode=auto&mms-type=image&__wa-mms=:0
[ 1702883ms] [ERROR] Failed to load resource: the server responded with a status of 403 () @ https://media.flos5-2.fna.whatsapp.net/v/t62.7118-24/28777450_985443870579570_1711242611950326807_n.enc?ccb=11-4&oh=01_Q5Aa4AGLn1W3yNsn1UxBnENxn2QEoYb5l8e1UYuBUYMUOXD9Kg&oe=69DF7518&_nc_sid=5e03e0&hash=0pB4ZLir84-7UNVqaWPK51kgMYyUk9-qzbg6pUqSDow%3D&_nc_cat=104&mode=auto&mms-type=image&__wa-mms=:0
[ 1702885ms] [ERROR] Failed to load resource: the server responded with a status of 403 () @ https://media.flos5-2.fna.whatsapp.net/v/t62.7118-24/561383591_779663738535431_5212463771123392546_n.enc?ccb=11-4&oh=01_Q5Aa4AFlklLoBYhCG9z0aUhYK4vpCvWvG1OacszLcNCQqvxtbQ&oe=69E1045B&_nc_sid=5e03e0&_nc_hot=1773773105&hash=DwelcDcm_U9toStXA7OZASc-ydUprAJa7WpTQORWEuQ%3D&_nc_cat=100&mode=auto&mms-type=image&__wa-mms=:0
[ 1702886ms] [ERROR] Failed to load resource: the server responded with a status of 403 () @ https://media.flos5-2.fna.whatsapp.net/v/t62.7118-24/552399377_26046781905013829_9133159063352225673_n.enc?ccb=11-4&oh=01_Q5Aa4AEw48kNGiQXdXsJDIdRmfOWAsLuEE95Ii89TWRQeBvo4w&oe=69E1A683&_nc_sid=5e03e0&hash=7ApmTGA_mnxT3N55l6UflhbDpg9xV41XqlQi8mllA2k%3D&_nc_cat=105&mode=auto&mms-type=image&__wa-mms=:0
[ 1702888ms] [ERROR] Failed to load resource: the server responded with a status of 403 () @ https://media.flos5-2.fna.whatsapp.net/v/t62.7118-24/560678514_1450566256473446_7538417876807152452_n.enc?ccb=11-4&oh=01_Q5Aa4AFEjVekGXf7yMOITTMln2Y06KW4j3-sxmdkyH_2ywhvew&oe=69E45C9E&_nc_sid=5e03e0&hash=hCJvFbSUPrQb2juWIGHDrD2c_wyt3fnPNAK-Dzzx_No%3D&_nc_cat=106&mode=auto&mms-type=image&__wa-mms=:0
[ 1702889ms] [ERROR] Failed to load resource: the server responded with a status of 403 () @ https://media.flos5-2.fna.whatsapp.net/v/t62.7118-24/561717269_4348123398794310_3023667053319124866_n.enc?ccb=11-4&oh=01_Q5Aa4AFBprqbcY02KPSiSWfL26UwBY-oHdGSMPS5emM6C07Q4g&oe=69EAC51E&_nc_sid=5e03e0&hash=Pr3TMRKAAwZu5KRn2dKBfF7u4dKqXQ7ZWSZ2qOUFfiI%3D&_nc_cat=102&mode=auto&mms-type=image&__wa-mms=:0
[ 1703018ms] [ERROR] Failed to load resource: the server responded with a status of 410 () @ https://media.flos5-3.fna.whatsapp.net/v/t62.7118-24/616732765_1060636923797236_7587634059663543807_n.enc?ccb=11-4&oh=01_Q5Aa4AFg2oA4wgFz0lAgJD3WI6_9J4KVdZUj2clSJ2X5WlapLQ&oe=69F9CB98&_nc_sid=5e03e0&hash=cJSq_TDPLDCR-POQCFcTAphAAjhwDkseWon0A76-9zk%3D&_nc_cat=101&mode=auto&mms-type=image&__wa-mms=:0
[ 1703106ms] [ERROR] Failed to load resource: the server responded with a status of 410 () @ https://media.flos5-2.fna.whatsapp.net/v/t62.7118-24/616593264_908465245285202_6273471245884531437_n.enc?ccb=11-4&oh=01_Q5Aa4AHBBbj3cP1QCZeYIV4pD9NdtKdAijtOkKLFy_OnaHRMYA&oe=69F72D2F&_nc_sid=5e03e0&hash=UEVpUokSlNdJLGJHCmibBLRS9yhpzMd7QM4jglWtSoQ%3D&_nc_cat=100&mode=auto&mms-type=image&__wa-mms=:0
[ 1703110ms] [ERROR] Failed to load resource: the server responded with a status of 410 () @ https://media.flos5-3.fna.whatsapp.net/v/t62.7118-24/544896880_4127371184220939_7043600695522666236_n.enc?ccb=11-4&oh=01_Q5Aa4AEDCBUgyqHFxUHImM4ImOdsIGCtogE_isCmOPuz33dcCg&oe=69F4E2FB&_nc_sid=5e03e0&hash=jsf1XZnj0CjLHigufPidnJ5YFFmx72fCdMZFd01AYtE%3D&_nc_cat=109&mode=auto&mms-type=image&__wa-mms=:0
[ 1703116ms] [ERROR] Failed to load resource: the server responded with a status of 410 () @ https://media.flos5-2.fna.whatsapp.net/v/t62.7118-24/560096528_3060406457485456_8817684483857668794_n.enc?ccb=11-4&oh=01_Q5Aa4AGVXFvxQZR1T4AeEsZehJcQpU7NPdkaKWmS9sU-6SoFbg&oe=69F59506&_nc_sid=5e03e0&hash=sZwg4nk1xxwBzIFmbRqfO9Jl3OpvCbUuu2VQRoHHi9g%3D&_nc_cat=100&mode=auto&mms-type=image&__wa-mms=:0
[ 1705847ms] [ERROR] Access to fetch at 'https://dit.whatsapp.net/deidentified_telemetry' from origin 'https://web.whatsapp.com' has been blocked by CORS policy: No 'Access-Control-Allow-Origin' header is present on the requested resource. @ https://web.whatsapp.com/:0
[ 1705847ms] [ERROR] Failed to load resource: net::ERR_FAILED @ https://dit.whatsapp.net/deidentified_telemetry:0
[ 1706368ms] [ERROR] Access to fetch at 'https://dit.whatsapp.net/deidentified_telemetry' from origin 'https://web.whatsapp.com' has been blocked by CORS policy: No 'Access-Control-Allow-Origin' header is present on the requested resource. @ https://web.whatsapp.com/:0
[ 1706368ms] [ERROR] Failed to load resource: net::ERR_FAILED @ https://dit.whatsapp.net/deidentified_telemetry:0
[ 1707150ms] [ERROR] Access to fetch at 'https://dit.whatsapp.net/deidentified_telemetry' from origin 'https://web.whatsapp.com' has been blocked by CORS policy: No 'Access-Control-Allow-Origin' header is present on the requested resource. @ https://web.whatsapp.com/:0
[ 1707151ms] [ERROR] Failed to load resource: net::ERR_FAILED @ https://dit.whatsapp.net/deidentified_telemetry:0
[ 1708537ms] [ERROR] Access to fetch at 'https://dit.whatsapp.net/deidentified_telemetry' from origin 'https://web.whatsapp.com' has been blocked by CORS policy: No 'Access-Control-Allow-Origin' header is present on the requested resource. @ https://web.whatsapp.com/:0
[ 1708538ms] [ERROR] Failed to load resource: net::ERR_FAILED @ https://dit.whatsapp.net/deidentified_telemetry:0
[ 2176246ms] [ERROR] Unable to preventDefault inside passive event listener invocation. @ https://static.whatsapp.net/rsrc.php/v4/yV/r/ZtExNztPWn-.js:32
[ 2176268ms] [ERROR] Unable to preventDefault inside passive event listener invocation. @ https://static.whatsapp.net/rsrc.php/v4/yV/r/ZtExNztPWn-.js:32
[ 2176284ms] [ERROR] Unable to preventDefault inside passive event listener invocation. @ https://static.whatsapp.net/rsrc.php/v4/yV/r/ZtExNztPWn-.js:32
[ 2176296ms] [ERROR] Unable to preventDefault inside passive event listener invocation. @ https://static.whatsapp.net/rsrc.php/v4/yV/r/ZtExNztPWn-.js:32
[ 2176323ms] [ERROR] Unable to preventDefault inside passive event listener invocation. @ https://static.whatsapp.net/rsrc.php/v4/yV/r/ZtExNztPWn-.js:32
[ 2176341ms] [ERROR] Unable to preventDefault inside passive event listener invocation. @ https://static.whatsapp.net/rsrc.php/v4/yV/r/ZtExNztPWn-.js:32
[ 2176359ms] [ERROR] Unable to preventDefault inside passive event listener invocation. @ https://static.whatsapp.net/rsrc.php/v4/yV/r/ZtExNztPWn-.js:32
[ 2176398ms] [ERROR] Unable to preventDefault inside passive event listener invocation. @ https://static.whatsapp.net/rsrc.php/v4/yV/r/ZtExNztPWn-.js:32
[ 2176404ms] [ERROR] Unable to preventDefault inside passive event listener invocation. @ https://static.whatsapp.net/rsrc.php/v4/yV/r/ZtExNztPWn-.js:32
[ 2176415ms] [ERROR] Unable to preventDefault inside passive event listener invocation. @ https://static.whatsapp.net/rsrc.php/v4/yV/r/ZtExNztPWn-.js:32
[ 2463645ms] [ERROR] Access to fetch at 'https://dit.whatsapp.net/deidentified_telemetry' from origin 'https://web.whatsapp.com' has been blocked by CORS policy: No 'Access-Control-Allow-Origin' header is present on the requested resource. @ https://web.whatsapp.com/:0
[ 2463645ms] [ERROR] Failed to load resource: net::ERR_FAILED @ https://dit.whatsapp.net/deidentified_telemetry:0
[ 2464155ms] [ERROR] Access to fetch at 'https://dit.whatsapp.net/deidentified_telemetry' from origin 'https://web.whatsapp.com' has been blocked by CORS policy: No 'Access-Control-Allow-Origin' header is present on the requested resource. @ https://web.whatsapp.com/:0
[ 2464156ms] [ERROR] Failed to load resource: net::ERR_FAILED @ https://dit.whatsapp.net/deidentified_telemetry:0
[ 2464948ms] [ERROR] Access to fetch at 'https://dit.whatsapp.net/deidentified_telemetry' from origin 'https://web.whatsapp.com' has been blocked by CORS policy: No 'Access-Control-Allow-Origin' header is present on the requested resource. @ https://web.whatsapp.com/:0
[ 2464948ms] [ERROR] Failed to load resource: net::ERR_FAILED @ https://dit.whatsapp.net/deidentified_telemetry:0
[ 2466278ms] [ERROR] Access to fetch at 'https://dit.whatsapp.net/deidentified_telemetry' from origin 'https://web.whatsapp.com' has been blocked by CORS policy: No 'Access-Control-Allow-Origin' header is present on the requested resource. @ https://web.whatsapp.com/:0
[ 2466278ms] [ERROR] Failed to load resource: net::ERR_FAILED @ https://dit.whatsapp.net/deidentified_telemetry:0
[ 3645481ms] [ERROR] Access to fetch at 'https://dit.whatsapp.net/deidentified_telemetry' from origin 'https://web.whatsapp.com' has been blocked by CORS policy: No 'Access-Control-Allow-Origin' header is present on the requested resource. @ https://web.whatsapp.com/:0
[ 3645482ms] [ERROR] Failed to load resource: net::ERR_FAILED @ https://dit.whatsapp.net/deidentified_telemetry:0
[ 3646032ms] [ERROR] Access to fetch at 'https://dit.whatsapp.net/deidentified_telemetry' from origin 'https://web.whatsapp.com' has been blocked by CORS policy: No 'Access-Control-Allow-Origin' header is present on the requested resource. @ https://web.whatsapp.com/:0
[ 3646032ms] [ERROR] Failed to load resource: net::ERR_FAILED @ https://dit.whatsapp.net/deidentified_telemetry:0
[ 3646843ms] [ERROR] Access to fetch at 'https://dit.whatsapp.net/deidentified_telemetry' from origin 'https://web.whatsapp.com' has been blocked by CORS policy: No 'Access-Control-Allow-Origin' header is present on the requested resource. @ https://web.whatsapp.com/:0
[ 3646843ms] [ERROR] Failed to load resource: net::ERR_FAILED @ https://dit.whatsapp.net/deidentified_telemetry:0
[ 3648123ms] [ERROR] Access to fetch at 'https://dit.whatsapp.net/deidentified_telemetry' from origin 'https://web.whatsapp.com' has been blocked by CORS policy: No 'Access-Control-Allow-Origin' header is present on the requested resource. @ https://web.whatsapp.com/:0
[ 3648123ms] [ERROR] Failed to load resource: net::ERR_FAILED @ https://dit.whatsapp.net/deidentified_telemetry:0
