[     864ms] [INFO] %cDownload the React DevTools for a better development experience: https://reactjs.org/link/react-devtools font-weight:bold @ http://localhost:5000/node_modules/.vite/deps/chunk-T2SWDQEL.js?v=dfb9008b:21550
[    1014ms] [WARNING] âš ď¸Ź React Router Future Flag Warning: React Router will begin wrapping state updates in `React.startTransition` in v7. You can use the `v7_startTransition` future flag to opt-in early. For more information, see https://reactrouter.com/v6/upgrading/future#v7_starttransition. @ http://localhost:5000/node_modules/.vite/deps/react-router-dom.js?v=017f1e34:4435
[    1014ms] [WARNING] âš ď¸Ź React Router Future Flag Warning: Relative route resolution within Splat routes is changing in v7. You can use the `v7_relativeSplatPath` future flag to opt-in early. For more information, see https://reactrouter.com/v6/upgrading/future#v7_relativesplatpath. @ http://localhost:5000/node_modules/.vite/deps/react-router-dom.js?v=017f1e34:4435
[  114242ms] [INFO] %cDownload the React DevTools for a better development experience: https://reactjs.org/link/react-devtools font-weight:bold @ http://localhost:5000/node_modules/.vite/deps/chunk-T2SWDQEL.js?v=dfb9008b:21550
[  114309ms] [WARNING] âš ď¸Ź React Router Future Flag Warning: React Router will begin wrapping state updates in `React.startTransition` in v7. You can use the `v7_startTransition` future flag to opt-in early. For more information, see https://reactrouter.com/v6/upgrading/future#v7_starttransition. @ http://localhost:5000/node_modules/.vite/deps/react-router-dom.js?v=017f1e34:4435
[  114309ms] [WARNING] âš ď¸Ź React Router Future Flag Warning: Relative route resolution within Splat routes is changing in v7. You can use the `v7_relativeSplatPath` future flag to opt-in early. For more information, see https://reactrouter.com/v6/upgrading/future#v7_relativesplatpath. @ http://localhost:5000/node_modules/.vite/deps/react-router-dom.js?v=017f1e34:4435
[  310222ms] [INFO] %cDownload the React DevTools for a better development experience: https://reactjs.org/link/react-devtools font-weight:bold @ http://localhost:5000/node_modules/.vite/deps/chunk-T2SWDQEL.js?v=dfb9008b:21550
[  310333ms] [WARNING] âš ď¸Ź React Router Future Flag Warning: React Router will begin wrapping state updates in `React.startTransition` in v7. You can use the `v7_startTransition` future flag to opt-in early. For more information, see https://reactrouter.com/v6/upgrading/future#v7_starttransition. @ http://localhost:5000/node_modules/.vite/deps/react-router-dom.js?v=017f1e34:4435
[  310333ms] [WARNING] âš ď¸Ź React Router Future Flag Warning: Relative route resolution within Splat routes is changing in v7. You can use the `v7_relativeSplatPath` future flag to opt-in early. For more information, see https://reactrouter.com/v6/upgrading/future#v7_relativesplatpath. @ http://localhost:5000/node_modules/.vite/deps/react-router-dom.js?v=017f1e34:4435
[  310764ms] [INFO] %cDownload the React DevTools for a better development experience: https://reactjs.org/link/react-devtools font-weight:bold @ http://localhost:5000/node_modules/.vite/deps/chunk-T2SWDQEL.js?v=dfb9008b:21550
[  310825ms] [WARNING] âš ď¸Ź React Router Future Flag Warning: React Router will begin wrapping state updates in `React.startTransition` in v7. You can use the `v7_startTransition` future flag to opt-in early. For more information, see https://reactrouter.com/v6/upgrading/future#v7_starttransition. @ http://localhost:5000/node_modules/.vite/deps/react-router-dom.js?v=017f1e34:4435
[  310825ms] [WARNING] âš ď¸Ź React Router Future Flag Warning: Relative route resolution within Splat routes is changing in v7. You can use the `v7_relativeSplatPath` future flag to opt-in early. For more information, see https://reactrouter.com/v6/upgrading/future#v7_relativesplatpath. @ http://localhost:5000/node_modules/.vite/deps/react-router-dom.js?v=017f1e34:4435
[  310932ms] [VERBOSE] [DOM] Input elements should have autocomplete attributes (suggested: "current-password"): (More info: https://goo.gl/9p2vKq) %o @ http://localhost:5000/auth:0
[  311241ms] [INFO] %cDownload the React DevTools for a better development experience: https://reactjs.org/link/react-devtools font-weight:bold @ http://localhost:5000/node_modules/.vite/deps/chunk-T2SWDQEL.js?v=dfb9008b:21550
[  311285ms] [WARNING] âš ď¸Ź React Router Future Flag Warning: React Router will begin wrapping state updates in `React.startTransition` in v7. You can use the `v7_startTransition` future flag to opt-in early. For more information, see https://reactrouter.com/v6/upgrading/future#v7_starttransition. @ http://localhost:5000/node_modules/.vite/deps/react-router-dom.js?v=017f1e34:4435
[  311285ms] [WARNING] âš ď¸Ź React Router Future Flag Warning: Relative route resolution within Splat routes is changing in v7. You can use the `v7_relativeSplatPath` future flag to opt-in early. For more information, see https://reactrouter.com/v6/upgrading/future#v7_relativesplatpath. @ http://localhost:5000/node_modules/.vite/deps/react-router-dom.js?v=017f1e34:4435
[  311405ms] [VERBOSE] [DOM] Input elements should have autocomplete attributes (suggested: "current-password"): (More info: https://goo.gl/9p2vKq) %o @ http://localhost:5000/auth:0
[  311689ms] [INFO] %cDownload the React DevTools for a better development experience: https://reactjs.org/link/react-devtools font-weight:bold @ http://localhost:5000/node_modules/.vite/deps/chunk-T2SWDQEL.js?v=dfb9008b:21550
[  311745ms] [WARNING] âš ď¸Ź React Router Future Flag Warning: React Router will begin wrapping state updates in `React.startTransition` in v7. You can use the `v7_startTransition` future flag to opt-in early. For more information, see https://reactrouter.com/v6/upgrading/future#v7_starttransition. @ http://localhost:5000/node_modules/.vite/deps/react-router-dom.js?v=017f1e34:4435
[  311745ms] [WARNING] âš ď¸Ź React Router Future Flag Warning: Relative route resolution within Splat routes is changing in v7. You can use the `v7_relativeSplatPath` future flag to opt-in early. For more information, see https://reactrouter.com/v6/upgrading/future#v7_relativesplatpath. @ http://localhost:5000/node_modules/.vite/deps/react-router-dom.js?v=017f1e34:4435
[  312127ms] [INFO] %cDownload the React DevTools for a better development experience: https://reactjs.org/link/react-devtools font-weight:bold @ http://localhost:5000/node_modules/.vite/deps/chunk-T2SWDQEL.js?v=dfb9008b:21550
[  312186ms] [WARNING] âš ď¸Ź React Router Future Flag Warning: React Router will begin wrapping state updates in `React.startTransition` in v7. You can use the `v7_startTransition` future flag to opt-in early. For more information, see https://reactrouter.com/v6/upgrading/future#v7_starttransition. @ http://localhost:5000/node_modules/.vite/deps/react-router-dom.js?v=017f1e34:4435
[  312186ms] [WARNING] âš ď¸Ź React Router Future Flag Warning: Relative route resolution within Splat routes is changing in v7. You can use the `v7_relativeSplatPath` future flag to opt-in early. For more information, see https://reactrouter.com/v6/upgrading/future#v7_relativesplatpath. @ http://localhost:5000/node_modules/.vite/deps/react-router-dom.js?v=017f1e34:4435
[  312580ms] [INFO] %cDownload the React DevTools for a better development experience: https://reactjs.org/link/react-devtools font-weight:bold @ http://localhost:5000/node_modules/.vite/deps/chunk-T2SWDQEL.js?v=dfb9008b:21550
[  312630ms] [WARNING] No token found, redirecting to auth @ http://localhost:5000/src/pages/Cart.tsx:59
[  312631ms] [WARNING] âš ď¸Ź React Router Future Flag Warning: React Router will begin wrapping state updates in `React.startTransition` in v7. You can use the `v7_startTransition` future flag to opt-in early. For more information, see https://reactrouter.com/v6/upgrading/future#v7_starttransition. @ http://localhost:5000/node_modules/.vite/deps/react-router-dom.js?v=017f1e34:4435
[  312631ms] [WARNING] âš ď¸Ź React Router Future Flag Warning: Relative route resolution within Splat routes is changing in v7. You can use the `v7_relativeSplatPath` future flag to opt-in early. For more information, see https://reactrouter.com/v6/upgrading/future#v7_relativesplatpath. @ http://localhost:5000/node_modules/.vite/deps/react-router-dom.js?v=017f1e34:4435
[  312750ms] [VERBOSE] [DOM] Input elements should have autocomplete attributes (suggested: "current-password"): (More info: https://goo.gl/9p2vKq) %o @ http://localhost:5000/auth:0
[  313018ms] [INFO] %cDownload the React DevTools for a better development experience: https://reactjs.org/link/react-devtools font-weight:bold @ http://localhost:5000/node_modules/.vite/deps/chunk-T2SWDQEL.js?v=dfb9008b:21550
[  313062ms] [WARNING] âš ď¸Ź React Router Future Flag Warning: React Router will begin wrapping state updates in `React.startTransition` in v7. You can use the `v7_startTransition` future flag to opt-in early. For more information, see https://reactrouter.com/v6/upgrading/future#v7_starttransition. @ http://localhost:5000/node_modules/.vite/deps/react-router-dom.js?v=017f1e34:4435
[  313062ms] [WARNING] âš ď¸Ź React Router Future Flag Warning: Relative route resolution within Splat routes is changing in v7. You can use the `v7_relativeSplatPath` future flag to opt-in early. For more information, see https://reactrouter.com/v6/upgrading/future#v7_relativesplatpath. @ http://localhost:5000/node_modules/.vite/deps/react-router-dom.js?v=017f1e34:4435
[  313184ms] [VERBOSE] [DOM] Input elements should have autocomplete attributes (suggested: "current-password"): (More info: https://goo.gl/9p2vKq) %o @ http://localhost:5000/auth:0
[  313437ms] [INFO] %cDownload the React DevTools for a better development experience: https://reactjs.org/link/react-devtools font-weight:bold @ http://localhost:5000/node_modules/.vite/deps/chunk-T2SWDQEL.js?v=dfb9008b:21550
[  313508ms] [WARNING] âš ď¸Ź React Router Future Flag Warning: React Router will begin wrapping state updates in `React.startTransition` in v7. You can use the `v7_startTransition` future flag to opt-in early. For more information, see https://reactrouter.com/v6/upgrading/future#v7_starttransition. @ http://localhost:5000/node_modules/.vite/deps/react-router-dom.js?v=017f1e34:4435
[  313508ms] [WARNING] âš ď¸Ź React Router Future Flag Warning: Relative route resolution within Splat routes is changing in v7. You can use the `v7_relativeSplatPath` future flag to opt-in early. For more information, see https://reactrouter.com/v6/upgrading/future#v7_relativesplatpath. @ http://localhost:5000/node_modules/.vite/deps/react-router-dom.js?v=017f1e34:4435
[  313747ms] [ERROR] Failed to load services: TypeError: Failed to fetch
    at loadServices (http://localhost:5000/src/pages/SalonBooking.tsx:114:36)
    at http://localhost:5000/src/pages/SalonBooking.tsx:67:9
    at commitHookEffectListMount (http://localhost:5000/node_modules/.vite/deps/chunk-T2SWDQEL.js?v=dfb9008b:16915:34)
    at commitPassiveMountOnFiber (http://localhost:5000/node_modules/.vite/deps/chunk-T2SWDQEL.js?v=dfb9008b:18156:19)
    at commitPassiveMountEffects_complete (http://localhost:5000/node_modules/.vite/deps/chunk-T2SWDQEL.js?v=dfb9008b:18129:17)
    at commitPassiveMountEffects_begin (http://localhost:5000/node_modules/.vite/deps/chunk-T2SWDQEL.js?v=dfb9008b:18119:15)
    at commitPassiveMountEffects (http://localhost:5000/node_modules/.vite/deps/chunk-T2SWDQEL.js?v=dfb9008b:18109:11)
    at flushPassiveEffectsImpl (http://localhost:5000/node_modules/.vite/deps/chunk-T2SWDQEL.js?v=dfb9008b:19490:11)
    at flushPassiveEffects (http://localhost:5000/node_modules/.vite/deps/chunk-T2SWDQEL.js?v=dfb9008b:19447:22)
    at performSyncWorkOnRoot (http://localhost:5000/node_modules/.vite/deps/chunk-T2SWDQEL.js?v=dfb9008b:18868:11) @ http://localhost:5000/src/pages/SalonBooking.tsx:119
[  313855ms] [INFO] %cDownload the React DevTools for a better development experience: https://reactjs.org/link/react-devtools font-weight:bold @ http://localhost:5000/node_modules/.vite/deps/chunk-T2SWDQEL.js?v=dfb9008b:21550
[  313904ms] [WARNING] âš ď¸Ź React Router Future Flag Warning: React Router will begin wrapping state updates in `React.startTransition` in v7. You can use the `v7_startTransition` future flag to opt-in early. For more information, see https://reactrouter.com/v6/upgrading/future#v7_starttransition. @ http://localhost:5000/node_modules/.vite/deps/react-router-dom.js?v=017f1e34:4435
[  313904ms] [WARNING] âš ď¸Ź React Router Future Flag Warning: Relative route resolution within Splat routes is changing in v7. You can use the `v7_relativeSplatPath` future flag to opt-in early. For more information, see https://reactrouter.com/v6/upgrading/future#v7_relativesplatpath. @ http://localhost:5000/node_modules/.vite/deps/react-router-dom.js?v=017f1e34:4435
[  314031ms] [VERBOSE] [DOM] Input elements should have autocomplete attributes (suggested: "current-password"): (More info: https://goo.gl/9p2vKq) %o @ http://localhost:5000/auth:0
[  314293ms] [INFO] %cDownload the React DevTools for a better development experience: https://reactjs.org/link/react-devtools font-weight:bold @ http://localhost:5000/node_modules/.vite/deps/chunk-T2SWDQEL.js?v=dfb9008b:21550
[  314350ms] [WARNING] âš ď¸Ź React Router Future Flag Warning: React Router will begin wrapping state updates in `React.startTransition` in v7. You can use the `v7_startTransition` future flag to opt-in early. For more information, see https://reactrouter.com/v6/upgrading/future#v7_starttransition. @ http://localhost:5000/node_modules/.vite/deps/react-router-dom.js?v=017f1e34:4435
[  314351ms] [WARNING] âš ď¸Ź React Router Future Flag Warning: Relative route resolution within Splat routes is changing in v7. You can use the `v7_relativeSplatPath` future flag to opt-in early. For more information, see https://reactrouter.com/v6/upgrading/future#v7_relativesplatpath. @ http://localhost:5000/node_modules/.vite/deps/react-router-dom.js?v=017f1e34:4435
[  314706ms] [INFO] %cDownload the React DevTools for a better development experience: https://reactjs.org/link/react-devtools font-weight:bold @ http://localhost:5000/node_modules/.vite/deps/chunk-T2SWDQEL.js?v=dfb9008b:21550
[  314756ms] [WARNING] âš ď¸Ź React Router Future Flag Warning: React Router will begin wrapping state updates in `React.startTransition` in v7. You can use the `v7_startTransition` future flag to opt-in early. For more information, see https://reactrouter.com/v6/upgrading/future#v7_starttransition. @ http://localhost:5000/node_modules/.vite/deps/react-router-dom.js?v=017f1e34:4435
[  314756ms] [WARNING] âš ď¸Ź React Router Future Flag Warning: Relative route resolution within Splat routes is changing in v7. You can use the `v7_relativeSplatPath` future flag to opt-in early. For more information, see https://reactrouter.com/v6/upgrading/future#v7_relativesplatpath. @ http://localhost:5000/node_modules/.vite/deps/react-router-dom.js?v=017f1e34:4435
[  314881ms] [VERBOSE] [DOM] Input elements should have autocomplete attributes (suggested: "current-password"): (More info: https://goo.gl/9p2vKq) %o @ http://localhost:5000/auth:0
[  315118ms] [INFO] %cDownload the React DevTools for a better development experience: https://reactjs.org/link/react-devtools font-weight:bold @ http://localhost:5000/node_modules/.vite/deps/chunk-T2SWDQEL.js?v=dfb9008b:21550
[  315171ms] [WARNING] âš ď¸Ź React Router Future Flag Warning: React Router will begin wrapping state updates in `React.startTransition` in v7. You can use the `v7_startTransition` future flag to opt-in early. For more information, see https://reactrouter.com/v6/upgrading/future#v7_starttransition. @ http://localhost:5000/node_modules/.vite/deps/react-router-dom.js?v=017f1e34:4435
[  315171ms] [WARNING] âš ď¸Ź React Router Future Flag Warning: Relative route resolution within Splat routes is changing in v7. You can use the `v7_relativeSplatPath` future flag to opt-in early. For more information, see https://reactrouter.com/v6/upgrading/future#v7_relativesplatpath. @ http://localhost:5000/node_modules/.vite/deps/react-router-dom.js?v=017f1e34:4435
[  315298ms] [VERBOSE] [DOM] Input elements should have autocomplete attributes (suggested: "current-password"): (More info: https://goo.gl/9p2vKq) %o @ http://localhost:5000/auth:0
[  315543ms] [INFO] %cDownload the React DevTools for a better development experience: https://reactjs.org/link/react-devtools font-weight:bold @ http://localhost:5000/node_modules/.vite/deps/chunk-T2SWDQEL.js?v=dfb9008b:21550
[  315601ms] [WARNING] âš ď¸Ź React Router Future Flag Warning: React Router will begin wrapping state updates in `React.startTransition` in v7. You can use the `v7_startTransition` future flag to opt-in early. For more information, see https://reactrouter.com/v6/upgrading/future#v7_starttransition. @ http://localhost:5000/node_modules/.vite/deps/react-router-dom.js?v=017f1e34:4435
[  315601ms] [WARNING] âš ď¸Ź React Router Future Flag Warning: Relative route resolution within Splat routes is changing in v7. You can use the `v7_relativeSplatPath` future flag to opt-in early. For more information, see https://reactrouter.com/v6/upgrading/future#v7_relativesplatpath. @ http://localhost:5000/node_modules/.vite/deps/react-router-dom.js?v=017f1e34:4435
[  315721ms] [VERBOSE] [DOM] Input elements should have autocomplete attributes (suggested: "current-password"): (More info: https://goo.gl/9p2vKq) %o @ http://localhost:5000/auth:0
[  315960ms] [INFO] %cDownload the React DevTools for a better development experience: https://reactjs.org/link/react-devtools font-weight:bold @ http://localhost:5000/node_modules/.vite/deps/chunk-T2SWDQEL.js?v=dfb9008b:21550
[  316006ms] [WARNING] âš ď¸Ź React Router Future Flag Warning: React Router will begin wrapping state updates in `React.startTransition` in v7. You can use the `v7_startTransition` future flag to opt-in early. For more information, see https://reactrouter.com/v6/upgrading/future#v7_starttransition. @ http://localhost:5000/node_modules/.vite/deps/react-router-dom.js?v=017f1e34:4435
[  316006ms] [WARNING] âš ď¸Ź React Router Future Flag Warning: Relative route resolution within Splat routes is changing in v7. You can use the `v7_relativeSplatPath` future flag to opt-in early. For more information, see https://reactrouter.com/v6/upgrading/future#v7_relativesplatpath. @ http://localhost:5000/node_modules/.vite/deps/react-router-dom.js?v=017f1e34:4435
[  316120ms] [VERBOSE] [DOM] Input elements should have autocomplete attributes (suggested: "current-password"): (More info: https://goo.gl/9p2vKq) %o @ http://localhost:5000/auth:0
[  316370ms] [INFO] %cDownload the React DevTools for a better development experience: https://reactjs.org/link/react-devtools font-weight:bold @ http://localhost:5000/node_modules/.vite/deps/chunk-T2SWDQEL.js?v=dfb9008b:21550
[  316413ms] [WARNING] âš ď¸Ź React Router Future Flag Warning: React Router will begin wrapping state updates in `React.startTransition` in v7. You can use the `v7_startTransition` future flag to opt-in early. For more information, see https://reactrouter.com/v6/upgrading/future#v7_starttransition. @ http://localhost:5000/node_modules/.vite/deps/react-router-dom.js?v=017f1e34:4435
[  316413ms] [WARNING] âš ď¸Ź React Router Future Flag Warning: Relative route resolution within Splat routes is changing in v7. You can use the `v7_relativeSplatPath` future flag to opt-in early. For more information, see https://reactrouter.com/v6/upgrading/future#v7_relativesplatpath. @ http://localhost:5000/node_modules/.vite/deps/react-router-dom.js?v=017f1e34:4435
[  316533ms] [VERBOSE] [DOM] Input elements should have autocomplete attributes (suggested: "current-password"): (More info: https://goo.gl/9p2vKq) %o @ http://localhost:5000/auth:0
[  316844ms] [INFO] %cDownload the React DevTools for a better development experience: https://reactjs.org/link/react-devtools font-weight:bold @ http://localhost:5000/node_modules/.vite/deps/chunk-T2SWDQEL.js?v=dfb9008b:21550
[  316916ms] [WARNING] âš ď¸Ź React Router Future Flag Warning: React Router will begin wrapping state updates in `React.startTransition` in v7. You can use the `v7_startTransition` future flag to opt-in early. For more information, see https://reactrouter.com/v6/upgrading/future#v7_starttransition. @ http://localhost:5000/node_modules/.vite/deps/react-router-dom.js?v=017f1e34:4435
[  316916ms] [WARNING] âš ď¸Ź React Router Future Flag Warning: Relative route resolution within Splat routes is changing in v7. You can use the `v7_relativeSplatPath` future flag to opt-in early. For more information, see https://reactrouter.com/v6/upgrading/future#v7_relativesplatpath. @ http://localhost:5000/node_modules/.vite/deps/react-router-dom.js?v=017f1e34:4435
[  317299ms] [INFO] %cDownload the React DevTools for a better development experience: https://reactjs.org/link/react-devtools font-weight:bold @ http://localhost:5000/node_modules/.vite/deps/chunk-T2SWDQEL.js?v=dfb9008b:21550
[  317351ms] [WARNING] âš ď¸Ź React Router Future Flag Warning: React Router will begin wrapping state updates in `React.startTransition` in v7. You can use the `v7_startTransition` future flag to opt-in early. For more information, see https://reactrouter.com/v6/upgrading/future#v7_starttransition. @ http://localhost:5000/node_modules/.vite/deps/react-router-dom.js?v=017f1e34:4435
[  317351ms] [WARNING] âš ď¸Ź React Router Future Flag Warning: Relative route resolution within Splat routes is changing in v7. You can use the `v7_relativeSplatPath` future flag to opt-in early. For more information, see https://reactrouter.com/v6/upgrading/future#v7_relativesplatpath. @ http://localhost:5000/node_modules/.vite/deps/react-router-dom.js?v=017f1e34:4435
[  317450ms] [VERBOSE] [DOM] Input elements should have autocomplete attributes (suggested: "current-password"): (More info: https://goo.gl/9p2vKq) %o @ http://localhost:5000/auth:0
[  317723ms] [INFO] %cDownload the React DevTools for a better development experience: https://reactjs.org/link/react-devtools font-weight:bold @ http://localhost:5000/node_modules/.vite/deps/chunk-T2SWDQEL.js?v=dfb9008b:21550
[  317769ms] [WARNING] âš ď¸Ź React Router Future Flag Warning: React Router will begin wrapping state updates in `React.startTransition` in v7. You can use the `v7_startTransition` future flag to opt-in early. For more information, see https://reactrouter.com/v6/upgrading/future#v7_starttransition. @ http://localhost:5000/node_modules/.vite/deps/react-router-dom.js?v=017f1e34:4435
[  317770ms] [WARNING] âš ď¸Ź React Router Future Flag Warning: Relative route resolution within Splat routes is changing in v7. You can use the `v7_relativeSplatPath` future flag to opt-in early. For more information, see https://reactrouter.com/v6/upgrading/future#v7_relativesplatpath. @ http://localhost:5000/node_modules/.vite/deps/react-router-dom.js?v=017f1e34:4435
[  317886ms] [VERBOSE] [DOM] Input elements should have autocomplete attributes (suggested: "current-password"): (More info: https://goo.gl/9p2vKq) %o @ http://localhost:5000/auth:0
[  318160ms] [INFO] %cDownload the React DevTools for a better development experience: https://reactjs.org/link/react-devtools font-weight:bold @ http://localhost:5000/node_modules/.vite/deps/chunk-T2SWDQEL.js?v=dfb9008b:21550
[  318216ms] [WARNING] âš ď¸Ź React Router Future Flag Warning: React Router will begin wrapping state updates in `React.startTransition` in v7. You can use the `v7_startTransition` future flag to opt-in early. For more information, see https://reactrouter.com/v6/upgrading/future#v7_starttransition. @ http://localhost:5000/node_modules/.vite/deps/react-router-dom.js?v=017f1e34:4435
[  318216ms] [WARNING] âš ď¸Ź React Router Future Flag Warning: Relative route resolution within Splat routes is changing in v7. You can use the `v7_relativeSplatPath` future flag to opt-in early. For more information, see https://reactrouter.com/v6/upgrading/future#v7_relativesplatpath. @ http://localhost:5000/node_modules/.vite/deps/react-router-dom.js?v=017f1e34:4435
[  318605ms] [INFO] %cDownload the React DevTools for a better development experience: https://reactjs.org/link/react-devtools font-weight:bold @ http://localhost:5000/node_modules/.vite/deps/chunk-T2SWDQEL.js?v=dfb9008b:21550
[  318660ms] [WARNING] âš ď¸Ź React Router Future Flag Warning: React Router will begin wrapping state updates in `React.startTransition` in v7. You can use the `v7_startTransition` future flag to opt-in early. For more information, see https://reactrouter.com/v6/upgrading/future#v7_starttransition. @ http://localhost:5000/node_modules/.vite/deps/react-router-dom.js?v=017f1e34:4435
[  318660ms] [WARNING] âš ď¸Ź React Router Future Flag Warning: Relative route resolution within Splat routes is changing in v7. You can use the `v7_relativeSplatPath` future flag to opt-in early. For more information, see https://reactrouter.com/v6/upgrading/future#v7_relativesplatpath. @ http://localhost:5000/node_modules/.vite/deps/react-router-dom.js?v=017f1e34:4435
[  319038ms] [INFO] %cDownload the React DevTools for a better development experience: https://reactjs.org/link/react-devtools font-weight:bold @ http://localhost:5000/node_modules/.vite/deps/chunk-T2SWDQEL.js?v=dfb9008b:21550
[  319083ms] [WARNING] No token found, redirecting to auth @ http://localhost:5000/src/pages/Cart.tsx:59
[  319084ms] [WARNING] âš ď¸Ź React Router Future Flag Warning: React Router will begin wrapping state updates in `React.startTransition` in v7. You can use the `v7_startTransition` future flag to opt-in early. For more information, see https://reactrouter.com/v6/upgrading/future#v7_starttransition. @ http://localhost:5000/node_modules/.vite/deps/react-router-dom.js?v=017f1e34:4435
[  319084ms] [WARNING] âš ď¸Ź React Router Future Flag Warning: Relative route resolution within Splat routes is changing in v7. You can use the `v7_relativeSplatPath` future flag to opt-in early. For more information, see https://reactrouter.com/v6/upgrading/future#v7_relativesplatpath. @ http://localhost:5000/node_modules/.vite/deps/react-router-dom.js?v=017f1e34:4435
[  319200ms] [VERBOSE] [DOM] Input elements should have autocomplete attributes (suggested: "current-password"): (More info: https://goo.gl/9p2vKq) %o @ http://localhost:5000/auth:0
[  319477ms] [INFO] %cDownload the React DevTools for a better development experience: https://reactjs.org/link/react-devtools font-weight:bold @ http://localhost:5000/node_modules/.vite/deps/chunk-T2SWDQEL.js?v=dfb9008b:21550
[  319520ms] [WARNING] âš ď¸Ź React Router Future Flag Warning: React Router will begin wrapping state updates in `React.startTransition` in v7. You can use the `v7_startTransition` future flag to opt-in early. For more information, see https://reactrouter.com/v6/upgrading/future#v7_starttransition. @ http://localhost:5000/node_modules/.vite/deps/react-router-dom.js?v=017f1e34:4435
[  319521ms] [WARNING] âš ď¸Ź React Router Future Flag Warning: Relative route resolution within Splat routes is changing in v7. You can use the `v7_relativeSplatPath` future flag to opt-in early. For more information, see https://reactrouter.com/v6/upgrading/future#v7_relativesplatpath. @ http://localhost:5000/node_modules/.vite/deps/react-router-dom.js?v=017f1e34:4435
[  319636ms] [VERBOSE] [DOM] Input elements should have autocomplete attributes (suggested: "current-password"): (More info: https://goo.gl/9p2vKq) %o @ http://localhost:5000/auth:0
[  319918ms] [INFO] %cDownload the React DevTools for a better development experience: https://reactjs.org/link/react-devtools font-weight:bold @ http://localhost:5000/node_modules/.vite/deps/chunk-T2SWDQEL.js?v=dfb9008b:21550
[  319970ms] [WARNING] âš ď¸Ź React Router Future Flag Warning: React Router will begin wrapping state updates in `React.startTransition` in v7. You can use the `v7_startTransition` future flag to opt-in early. For more information, see https://reactrouter.com/v6/upgrading/future#v7_starttransition. @ http://localhost:5000/node_modules/.vite/deps/react-router-dom.js?v=017f1e34:4435
[  319970ms] [WARNING] âš ď¸Ź React Router Future Flag Warning: Relative route resolution within Splat routes is changing in v7. You can use the `v7_relativeSplatPath` future flag to opt-in early. For more information, see https://reactrouter.com/v6/upgrading/future#v7_relativesplatpath. @ http://localhost:5000/node_modules/.vite/deps/react-router-dom.js?v=017f1e34:4435
[  320228ms] [ERROR] Failed to load services: TypeError: Failed to fetch
    at loadServices (http://localhost:5000/src/pages/SalonBooking.tsx:114:36)
    at http://localhost:5000/src/pages/SalonBooking.tsx:67:9
    at commitHookEffectListMount (http://localhost:5000/node_modules/.vite/deps/chunk-T2SWDQEL.js?v=dfb9008b:16915:34)
    at commitPassiveMountOnFiber (http://localhost:5000/node_modules/.vite/deps/chunk-T2SWDQEL.js?v=dfb9008b:18156:19)
    at commitPassiveMountEffects_complete (http://localhost:5000/node_modules/.vite/deps/chunk-T2SWDQEL.js?v=dfb9008b:18129:17)
    at commitPassiveMountEffects_begin (http://localhost:5000/node_modules/.vite/deps/chunk-T2SWDQEL.js?v=dfb9008b:18119:15)
    at commitPassiveMountEffects (http://localhost:5000/node_modules/.vite/deps/chunk-T2SWDQEL.js?v=dfb9008b:18109:11)
    at flushPassiveEffectsImpl (http://localhost:5000/node_modules/.vite/deps/chunk-T2SWDQEL.js?v=dfb9008b:19490:11)
    at flushPassiveEffects (http://localhost:5000/node_modules/.vite/deps/chunk-T2SWDQEL.js?v=dfb9008b:19447:22)
    at performSyncWorkOnRoot (http://localhost:5000/node_modules/.vite/deps/chunk-T2SWDQEL.js?v=dfb9008b:18868:11) @ http://localhost:5000/src/pages/SalonBooking.tsx:119
[  320328ms] [INFO] %cDownload the React DevTools for a better development experience: https://reactjs.org/link/react-devtools font-weight:bold @ http://localhost:5000/node_modules/.vite/deps/chunk-T2SWDQEL.js?v=dfb9008b:21550
[  320378ms] [WARNING] âš ď¸Ź React Router Future Flag Warning: React Router will begin wrapping state updates in `React.startTransition` in v7. You can use the `v7_startTransition` future flag to opt-in early. For more information, see https://reactrouter.com/v6/upgrading/future#v7_starttransition. @ http://localhost:5000/node_modules/.vite/deps/react-router-dom.js?v=017f1e34:4435
[  320378ms] [WARNING] âš ď¸Ź React Router Future Flag Warning: Relative route resolution within Splat routes is changing in v7. You can use the `v7_relativeSplatPath` future flag to opt-in early. For more information, see https://reactrouter.com/v6/upgrading/future#v7_relativesplatpath. @ http://localhost:5000/node_modules/.vite/deps/react-router-dom.js?v=017f1e34:4435
[  320498ms] [VERBOSE] [DOM] Input elements should have autocomplete attributes (suggested: "current-password"): (More info: https://goo.gl/9p2vKq) %o @ http://localhost:5000/auth:0
[  320759ms] [INFO] %cDownload the React DevTools for a better development experience: https://reactjs.org/link/react-devtools font-weight:bold @ http://localhost:5000/node_modules/.vite/deps/chunk-T2SWDQEL.js?v=dfb9008b:21550
[  320818ms] [WARNING] âš ď¸Ź React Router Future Flag Warning: React Router will begin wrapping state updates in `React.startTransition` in v7. You can use the `v7_startTransition` future flag to opt-in early. For more information, see https://reactrouter.com/v6/upgrading/future#v7_starttransition. @ http://localhost:5000/node_modules/.vite/deps/react-router-dom.js?v=017f1e34:4435
[  320819ms] [WARNING] âš ď¸Ź React Router Future Flag Warning: Relative route resolution within Splat routes is changing in v7. You can use the `v7_relativeSplatPath` future flag to opt-in early. For more information, see https://reactrouter.com/v6/upgrading/future#v7_relativesplatpath. @ http://localhost:5000/node_modules/.vite/deps/react-router-dom.js?v=017f1e34:4435
[  321209ms] [INFO] %cDownload the React DevTools for a better development experience: https://reactjs.org/link/react-devtools font-weight:bold @ http://localhost:5000/node_modules/.vite/deps/chunk-T2SWDQEL.js?v=dfb9008b:21550
[  321253ms] [WARNING] âš ď¸Ź React Router Future Flag Warning: React Router will begin wrapping state updates in `React.startTransition` in v7. You can use the `v7_startTransition` future flag to opt-in early. For more information, see https://reactrouter.com/v6/upgrading/future#v7_starttransition. @ http://localhost:5000/node_modules/.vite/deps/react-router-dom.js?v=017f1e34:4435
[  321253ms] [WARNING] âš ď¸Ź React Router Future Flag Warning: Relative route resolution within Splat routes is changing in v7. You can use the `v7_relativeSplatPath` future flag to opt-in early. For more information, see https://reactrouter.com/v6/upgrading/future#v7_relativesplatpath. @ http://localhost:5000/node_modules/.vite/deps/react-router-dom.js?v=017f1e34:4435
[  321370ms] [VERBOSE] [DOM] Input elements should have autocomplete attributes (suggested: "current-password"): (More info: https://goo.gl/9p2vKq) %o @ http://localhost:5000/auth:0
[  321661ms] [INFO] %cDownload the React DevTools for a better development experience: https://reactjs.org/link/react-devtools font-weight:bold @ http://localhost:5000/node_modules/.vite/deps/chunk-T2SWDQEL.js?v=dfb9008b:21550
[  321709ms] [WARNING] âš ď¸Ź React Router Future Flag Warning: React Router will begin wrapping state updates in `React.startTransition` in v7. You can use the `v7_startTransition` future flag to opt-in early. For more information, see https://reactrouter.com/v6/upgrading/future#v7_starttransition. @ http://localhost:5000/node_modules/.vite/deps/react-router-dom.js?v=017f1e34:4435
[  321709ms] [WARNING] âš ď¸Ź React Router Future Flag Warning: Relative route resolution within Splat routes is changing in v7. You can use the `v7_relativeSplatPath` future flag to opt-in early. For more information, see https://reactrouter.com/v6/upgrading/future#v7_relativesplatpath. @ http://localhost:5000/node_modules/.vite/deps/react-router-dom.js?v=017f1e34:4435
[  321830ms] [VERBOSE] [DOM] Input elements should have autocomplete attributes (suggested: "current-password"): (More info: https://goo.gl/9p2vKq) %o @ http://localhost:5000/auth:0
[  322100ms] [INFO] %cDownload the React DevTools for a better development experience: https://reactjs.org/link/react-devtools font-weight:bold @ http://localhost:5000/node_modules/.vite/deps/chunk-T2SWDQEL.js?v=dfb9008b:21550
[  322146ms] [WARNING] âš ď¸Ź React Router Future Flag Warning: React Router will begin wrapping state updates in `React.startTransition` in v7. You can use the `v7_startTransition` future flag to opt-in early. For more information, see https://reactrouter.com/v6/upgrading/future#v7_starttransition. @ http://localhost:5000/node_modules/.vite/deps/react-router-dom.js?v=017f1e34:4435
[  322146ms] [WARNING] âš ď¸Ź React Router Future Flag Warning: Relative route resolution within Splat routes is changing in v7. You can use the `v7_relativeSplatPath` future flag to opt-in early. For more information, see https://reactrouter.com/v6/upgrading/future#v7_relativesplatpath. @ http://localhost:5000/node_modules/.vite/deps/react-router-dom.js?v=017f1e34:4435
[  322265ms] [VERBOSE] [DOM] Input elements should have autocomplete attributes (suggested: "current-password"): (More info: https://goo.gl/9p2vKq) %o @ http://localhost:5000/auth:0
[  322539ms] [INFO] %cDownload the React DevTools for a better development experience: https://reactjs.org/link/react-devtools font-weight:bold @ http://localhost:5000/node_modules/.vite/deps/chunk-T2SWDQEL.js?v=dfb9008b:21550
[  322589ms] [WARNING] âš ď¸Ź React Router Future Flag Warning: React Router will begin wrapping state updates in `React.startTransition` in v7. You can use the `v7_startTransition` future flag to opt-in early. For more information, see https://reactrouter.com/v6/upgrading/future#v7_starttransition. @ http://localhost:5000/node_modules/.vite/deps/react-router-dom.js?v=017f1e34:4435
[  322589ms] [WARNING] âš ď¸Ź React Router Future Flag Warning: Relative route resolution within Splat routes is changing in v7. You can use the `v7_relativeSplatPath` future flag to opt-in early. For more information, see https://reactrouter.com/v6/upgrading/future#v7_relativesplatpath. @ http://localhost:5000/node_modules/.vite/deps/react-router-dom.js?v=017f1e34:4435
[  322711ms] [VERBOSE] [DOM] Input elements should have autocomplete attributes (suggested: "current-password"): (More info: https://goo.gl/9p2vKq) %o @ http://localhost:5000/auth:0
[  322970ms] [INFO] %cDownload the React DevTools for a better development experience: https://reactjs.org/link/react-devtools font-weight:bold @ http://localhost:5000/node_modules/.vite/deps/chunk-T2SWDQEL.js?v=dfb9008b:21550
[  323020ms] [WARNING] âš ď¸Ź React Router Future Flag Warning: React Router will begin wrapping state updates in `React.startTransition` in v7. You can use the `v7_startTransition` future flag to opt-in early. For more information, see https://reactrouter.com/v6/upgrading/future#v7_starttransition. @ http://localhost:5000/node_modules/.vite/deps/react-router-dom.js?v=017f1e34:4435
[  323020ms] [WARNING] âš ď¸Ź React Router Future Flag Warning: Relative route resolution within Splat routes is changing in v7. You can use the `v7_relativeSplatPath` future flag to opt-in early. For more information, see https://reactrouter.com/v6/upgrading/future#v7_relativesplatpath. @ http://localhost:5000/node_modules/.vite/deps/react-router-dom.js?v=017f1e34:4435
[  323148ms] [VERBOSE] [DOM] Input elements should have autocomplete attributes (suggested: "current-password"): (More info: https://goo.gl/9p2vKq) %o @ http://localhost:5000/auth:0
[  323431ms] [INFO] %cDownload the React DevTools for a better development experience: https://reactjs.org/link/react-devtools font-weight:bold @ http://localhost:5000/node_modules/.vite/deps/chunk-T2SWDQEL.js?v=dfb9008b:21550
[  323494ms] [WARNING] âš ď¸Ź React Router Future Flag Warning: React Router will begin wrapping state updates in `React.startTransition` in v7. You can use the `v7_startTransition` future flag to opt-in early. For more information, see https://reactrouter.com/v6/upgrading/future#v7_starttransition. @ http://localhost:5000/node_modules/.vite/deps/react-router-dom.js?v=017f1e34:4435
[  323495ms] [WARNING] âš ď¸Ź React Router Future Flag Warning: Relative route resolution within Splat routes is changing in v7. You can use the `v7_relativeSplatPath` future flag to opt-in early. For more information, see https://reactrouter.com/v6/upgrading/future#v7_relativesplatpath. @ http://localhost:5000/node_modules/.vite/deps/react-router-dom.js?v=017f1e34:4435
[  323860ms] [INFO] %cDownload the React DevTools for a better development experience: https://reactjs.org/link/react-devtools font-weight:bold @ http://localhost:5000/node_modules/.vite/deps/chunk-T2SWDQEL.js?v=dfb9008b:21550
[  323912ms] [WARNING] âš ď¸Ź React Router Future Flag Warning: React Router will begin wrapping state updates in `React.startTransition` in v7. You can use the `v7_startTransition` future flag to opt-in early. For more information, see https://reactrouter.com/v6/upgrading/future#v7_starttransition. @ http://localhost:5000/node_modules/.vite/deps/react-router-dom.js?v=017f1e34:4435
[  323912ms] [WARNING] âš ď¸Ź React Router Future Flag Warning: Relative route resolution within Splat routes is changing in v7. You can use the `v7_relativeSplatPath` future flag to opt-in early. For more information, see https://reactrouter.com/v6/upgrading/future#v7_relativesplatpath. @ http://localhost:5000/node_modules/.vite/deps/react-router-dom.js?v=017f1e34:4435
[  324015ms] [VERBOSE] [DOM] Input elements should have autocomplete attributes (suggested: "current-password"): (More info: https://goo.gl/9p2vKq) %o @ http://localhost:5000/auth:0
[  324276ms] [INFO] %cDownload the React DevTools for a better development experience: https://reactjs.org/link/react-devtools font-weight:bold @ http://localhost:5000/node_modules/.vite/deps/chunk-T2SWDQEL.js?v=dfb9008b:21550
[  324319ms] [WARNING] âš ď¸Ź React Router Future Flag Warning: React Router will begin wrapping state updates in `React.startTransition` in v7. You can use the `v7_startTransition` future flag to opt-in early. For more information, see https://reactrouter.com/v6/upgrading/future#v7_starttransition. @ http://localhost:5000/node_modules/.vite/deps/react-router-dom.js?v=017f1e34:4435
[  324319ms] [WARNING] âš ď¸Ź React Router Future Flag Warning: Relative route resolution within Splat routes is changing in v7. You can use the `v7_relativeSplatPath` future flag to opt-in early. For more information, see https://reactrouter.com/v6/upgrading/future#v7_relativesplatpath. @ http://localhost:5000/node_modules/.vite/deps/react-router-dom.js?v=017f1e34:4435
[  324446ms] [VERBOSE] [DOM] Input elements should have autocomplete attributes (suggested: "current-password"): (More info: https://goo.gl/9p2vKq) %o @ http://localhost:5000/auth:0
[  324691ms] [INFO] %cDownload the React DevTools for a better development experience: https://reactjs.org/link/react-devtools font-weight:bold @ http://localhost:5000/node_modules/.vite/deps/chunk-T2SWDQEL.js?v=dfb9008b:21550
[  324763ms] [WARNING] âš ď¸Ź React Router Future Flag Warning: React Router will begin wrapping state updates in `React.startTransition` in v7. You can use the `v7_startTransition` future flag to opt-in early. For more information, see https://reactrouter.com/v6/upgrading/future#v7_starttransition. @ http://localhost:5000/node_modules/.vite/deps/react-router-dom.js?v=017f1e34:4435
[  324763ms] [WARNING] âš ď¸Ź React Router Future Flag Warning: Relative route resolution within Splat routes is changing in v7. You can use the `v7_relativeSplatPath` future flag to opt-in early. For more information, see https://reactrouter.com/v6/upgrading/future#v7_relativesplatpath. @ http://localhost:5000/node_modules/.vite/deps/react-router-dom.js?v=017f1e34:4435
[  325118ms] [INFO] %cDownload the React DevTools for a better development experience: https://reactjs.org/link/react-devtools font-weight:bold @ http://localhost:5000/node_modules/.vite/deps/chunk-T2SWDQEL.js?v=dfb9008b:21550
[  325184ms] [WARNING] âš ď¸Ź React Router Future Flag Warning: React Router will begin wrapping state updates in `React.startTransition` in v7. You can use the `v7_startTransition` future flag to opt-in early. For more information, see https://reactrouter.com/v6/upgrading/future#v7_starttransition. @ http://localhost:5000/node_modules/.vite/deps/react-router-dom.js?v=017f1e34:4435
[  325184ms] [WARNING] âš ď¸Ź React Router Future Flag Warning: Relative route resolution within Splat routes is changing in v7. You can use the `v7_relativeSplatPath` future flag to opt-in early. For more information, see https://reactrouter.com/v6/upgrading/future#v7_relativesplatpath. @ http://localhost:5000/node_modules/.vite/deps/react-router-dom.js?v=017f1e34:4435
[  325551ms] [INFO] %cDownload the React DevTools for a better development experience: https://reactjs.org/link/react-devtools font-weight:bold @ http://localhost:5000/node_modules/.vite/deps/chunk-T2SWDQEL.js?v=dfb9008b:21550
[  325599ms] [WARNING] No token found, redirecting to auth @ http://localhost:5000/src/pages/Cart.tsx:59
[  325600ms] [WARNING] âš ď¸Ź React Router Future Flag Warning: React Router will begin wrapping state updates in `React.startTransition` in v7. You can use the `v7_startTransition` future flag to opt-in early. For more information, see https://reactrouter.com/v6/upgrading/future#v7_starttransition. @ http://localhost:5000/node_modules/.vite/deps/react-router-dom.js?v=017f1e34:4435
[  325600ms] [WARNING] âš ď¸Ź React Router Future Flag Warning: Relative route resolution within Splat routes is changing in v7. You can use the `v7_relativeSplatPath` future flag to opt-in early. For more information, see https://reactrouter.com/v6/upgrading/future#v7_relativesplatpath. @ http://localhost:5000/node_modules/.vite/deps/react-router-dom.js?v=017f1e34:4435
[  325718ms] [VERBOSE] [DOM] Input elements should have autocomplete attributes (suggested: "current-password"): (More info: https://goo.gl/9p2vKq) %o @ http://localhost:5000/auth:0
[  325992ms] [INFO] %cDownload the React DevTools for a better development experience: https://reactjs.org/link/react-devtools font-weight:bold @ http://localhost:5000/node_modules/.vite/deps/chunk-T2SWDQEL.js?v=dfb9008b:21550
[  326036ms] [WARNING] âš ď¸Ź React Router Future Flag Warning: React Router will begin wrapping state updates in `React.startTransition` in v7. You can use the `v7_startTransition` future flag to opt-in early. For more information, see https://reactrouter.com/v6/upgrading/future#v7_starttransition. @ http://localhost:5000/node_modules/.vite/deps/react-router-dom.js?v=017f1e34:4435
[  326037ms] [WARNING] âš ď¸Ź React Router Future Flag Warning: Relative route resolution within Splat routes is changing in v7. You can use the `v7_relativeSplatPath` future flag to opt-in early. For more information, see https://reactrouter.com/v6/upgrading/future#v7_relativesplatpath. @ http://localhost:5000/node_modules/.vite/deps/react-router-dom.js?v=017f1e34:4435
[  326168ms] [VERBOSE] [DOM] Input elements should have autocomplete attributes (suggested: "current-password"): (More info: https://goo.gl/9p2vKq) %o @ http://localhost:5000/auth:0
[  326425ms] [INFO] %cDownload the React DevTools for a better development experience: https://reactjs.org/link/react-devtools font-weight:bold @ http://localhost:5000/node_modules/.vite/deps/chunk-T2SWDQEL.js?v=dfb9008b:21550
[  326476ms] [WARNING] âš ď¸Ź React Router Future Flag Warning: React Router will begin wrapping state updates in `React.startTransition` in v7. You can use the `v7_startTransition` future flag to opt-in early. For more information, see https://reactrouter.com/v6/upgrading/future#v7_starttransition. @ http://localhost:5000/node_modules/.vite/deps/react-router-dom.js?v=017f1e34:4435
[  326477ms] [WARNING] âš ď¸Ź React Router Future Flag Warning: Relative route resolution within Splat routes is changing in v7. You can use the `v7_relativeSplatPath` future flag to opt-in early. For more information, see https://reactrouter.com/v6/upgrading/future#v7_relativesplatpath. @ http://localhost:5000/node_modules/.vite/deps/react-router-dom.js?v=017f1e34:4435
[  326766ms] [ERROR] Failed to load services: TypeError: Failed to fetch
    at loadServices (http://localhost:5000/src/pages/SalonBooking.tsx:114:36)
    at http://localhost:5000/src/pages/SalonBooking.tsx:67:9
    at commitHookEffectListMount (http://localhost:5000/node_modules/.vite/deps/chunk-T2SWDQEL.js?v=dfb9008b:16915:34)
    at commitPassiveMountOnFiber (http://localhost:5000/node_modules/.vite/deps/chunk-T2SWDQEL.js?v=dfb9008b:18156:19)
    at commitPassiveMountEffects_complete (http://localhost:5000/node_modules/.vite/deps/chunk-T2SWDQEL.js?v=dfb9008b:18129:17)
    at commitPassiveMountEffects_begin (http://localhost:5000/node_modules/.vite/deps/chunk-T2SWDQEL.js?v=dfb9008b:18119:15)
    at commitPassiveMountEffects (http://localhost:5000/node_modules/.vite/deps/chunk-T2SWDQEL.js?v=dfb9008b:18109:11)
    at flushPassiveEffectsImpl (http://localhost:5000/node_modules/.vite/deps/chunk-T2SWDQEL.js?v=dfb9008b:19490:11)
    at flushPassiveEffects (http://localhost:5000/node_modules/.vite/deps/chunk-T2SWDQEL.js?v=dfb9008b:19447:22)
    at performSyncWorkOnRoot (http://localhost:5000/node_modules/.vite/deps/chunk-T2SWDQEL.js?v=dfb9008b:18868:11) @ http://localhost:5000/src/pages/SalonBooking.tsx:119
[  326874ms] [INFO] %cDownload the React DevTools for a better development experience: https://reactjs.org/link/react-devtools font-weight:bold @ http://localhost:5000/node_modules/.vite/deps/chunk-T2SWDQEL.js?v=dfb9008b:21550
[  326923ms] [WARNING] âš ď¸Ź React Router Future Flag Warning: React Router will begin wrapping state updates in `React.startTransition` in v7. You can use the `v7_startTransition` future flag to opt-in early. For more information, see https://reactrouter.com/v6/upgrading/future#v7_starttransition. @ http://localhost:5000/node_modules/.vite/deps/react-router-dom.js?v=017f1e34:4435
[  326923ms] [WARNING] âš ď¸Ź React Router Future Flag Warning: Relative route resolution within Splat routes is changing in v7. You can use the `v7_relativeSplatPath` future flag to opt-in early. For more information, see https://reactrouter.com/v6/upgrading/future#v7_relativesplatpath. @ http://localhost:5000/node_modules/.vite/deps/react-router-dom.js?v=017f1e34:4435
[  327047ms] [VERBOSE] [DOM] Input elements should have autocomplete attributes (suggested: "current-password"): (More info: https://goo.gl/9p2vKq) %o @ http://localhost:5000/auth:0
[  327288ms] [INFO] %cDownload the React DevTools for a better development experience: https://reactjs.org/link/react-devtools font-weight:bold @ http://localhost:5000/node_modules/.vite/deps/chunk-T2SWDQEL.js?v=dfb9008b:21550
[  327340ms] [WARNING] âš ď¸Ź React Router Future Flag Warning: React Router will begin wrapping state updates in `React.startTransition` in v7. You can use the `v7_startTransition` future flag to opt-in early. For more information, see https://reactrouter.com/v6/upgrading/future#v7_starttransition. @ http://localhost:5000/node_modules/.vite/deps/react-router-dom.js?v=017f1e34:4435
[  327340ms] [WARNING] âš ď¸Ź React Router Future Flag Warning: Relative route resolution within Splat routes is changing in v7. You can use the `v7_relativeSplatPath` future flag to opt-in early. For more information, see https://reactrouter.com/v6/upgrading/future#v7_relativesplatpath. @ http://localhost:5000/node_modules/.vite/deps/react-router-dom.js?v=017f1e34:4435
[  327735ms] [INFO] %cDownload the React DevTools for a better development experience: https://reactjs.org/link/react-devtools font-weight:bold @ http://localhost:5000/node_modules/.vite/deps/chunk-T2SWDQEL.js?v=dfb9008b:21550
[  327777ms] [WARNING] âš ď¸Ź React Router Future Flag Warning: React Router will begin wrapping state updates in `React.startTransition` in v7. You can use the `v7_startTransition` future flag to opt-in early. For more information, see https://reactrouter.com/v6/upgrading/future#v7_starttransition. @ http://localhost:5000/node_modules/.vite/deps/react-router-dom.js?v=017f1e34:4435
[  327778ms] [WARNING] âš ď¸Ź React Router Future Flag Warning: Relative route resolution within Splat routes is changing in v7. You can use the `v7_relativeSplatPath` future flag to opt-in early. For more information, see https://reactrouter.com/v6/upgrading/future#v7_relativesplatpath. @ http://localhost:5000/node_modules/.vite/deps/react-router-dom.js?v=017f1e34:4435
[  327897ms] [VERBOSE] [DOM] Input elements should have autocomplete attributes (suggested: "current-password"): (More info: https://goo.gl/9p2vKq) %o @ http://localhost:5000/auth:0
[  328178ms] [INFO] %cDownload the React DevTools for a better development experience: https://reactjs.org/link/react-devtools font-weight:bold @ http://localhost:5000/node_modules/.vite/deps/chunk-T2SWDQEL.js?v=dfb9008b:21550
[  328227ms] [WARNING] âš ď¸Ź React Router Future Flag Warning: React Router will begin wrapping state updates in `React.startTransition` in v7. You can use the `v7_startTransition` future flag to opt-in early. For more information, see https://reactrouter.com/v6/upgrading/future#v7_starttransition. @ http://localhost:5000/node_modules/.vite/deps/react-router-dom.js?v=017f1e34:4435
[  328227ms] [WARNING] âš ď¸Ź React Router Future Flag Warning: Relative route resolution within Splat routes is changing in v7. You can use the `v7_relativeSplatPath` future flag to opt-in early. For more information, see https://reactrouter.com/v6/upgrading/future#v7_relativesplatpath. @ http://localhost:5000/node_modules/.vite/deps/react-router-dom.js?v=017f1e34:4435
[  328347ms] [VERBOSE] [DOM] Input elements should have autocomplete attributes (suggested: "current-password"): (More info: https://goo.gl/9p2vKq) %o @ http://localhost:5000/auth:0
[  328615ms] [INFO] %cDownload the React DevTools for a better development experience: https://reactjs.org/link/react-devtools font-weight:bold @ http://localhost:5000/node_modules/.vite/deps/chunk-T2SWDQEL.js?v=dfb9008b:21550
[  328663ms] [WARNING] âš ď¸Ź React Router Future Flag Warning: React Router will begin wrapping state updates in `React.startTransition` in v7. You can use the `v7_startTransition` future flag to opt-in early. For more information, see https://reactrouter.com/v6/upgrading/future#v7_starttransition. @ http://localhost:5000/node_modules/.vite/deps/react-router-dom.js?v=017f1e34:4435
[  328663ms] [WARNING] âš ď¸Ź React Router Future Flag Warning: Relative route resolution within Splat routes is changing in v7. You can use the `v7_relativeSplatPath` future flag to opt-in early. For more information, see https://reactrouter.com/v6/upgrading/future#v7_relativesplatpath. @ http://localhost:5000/node_modules/.vite/deps/react-router-dom.js?v=017f1e34:4435
[  328780ms] [VERBOSE] [DOM] Input elements should have autocomplete attributes (suggested: "current-password"): (More info: https://goo.gl/9p2vKq) %o @ http://localhost:5000/auth:0
[  329054ms] [INFO] %cDownload the React DevTools for a better development experience: https://reactjs.org/link/react-devtools font-weight:bold @ http://localhost:5000/node_modules/.vite/deps/chunk-T2SWDQEL.js?v=dfb9008b:21550
[  329097ms] [WARNING] âš ď¸Ź React Router Future Flag Warning: React Router will begin wrapping state updates in `React.startTransition` in v7. You can use the `v7_startTransition` future flag to opt-in early. For more information, see https://reactrouter.com/v6/upgrading/future#v7_starttransition. @ http://localhost:5000/node_modules/.vite/deps/react-router-dom.js?v=017f1e34:4435
[  329097ms] [WARNING] âš ď¸Ź React Router Future Flag Warning: Relative route resolution within Splat routes is changing in v7. You can use the `v7_relativeSplatPath` future flag to opt-in early. For more information, see https://reactrouter.com/v6/upgrading/future#v7_relativesplatpath. @ http://localhost:5000/node_modules/.vite/deps/react-router-dom.js?v=017f1e34:4435
[  329214ms] [VERBOSE] [DOM] Input elements should have autocomplete attributes (suggested: "current-password"): (More info: https://goo.gl/9p2vKq) %o @ http://localhost:5000/auth:0
[  329469ms] [INFO] %cDownload the React DevTools for a better development experience: https://reactjs.org/link/react-devtools font-weight:bold @ http://localhost:5000/node_modules/.vite/deps/chunk-T2SWDQEL.js?v=dfb9008b:21550
[  329510ms] [WARNING] âš ď¸Ź React Router Future Flag Warning: React Router will begin wrapping state updates in `React.startTransition` in v7. You can use the `v7_startTransition` future flag to opt-in early. For more information, see https://reactrouter.com/v6/upgrading/future#v7_starttransition. @ http://localhost:5000/node_modules/.vite/deps/react-router-dom.js?v=017f1e34:4435
[  329511ms] [WARNING] âš ď¸Ź React Router Future Flag Warning: Relative route resolution within Splat routes is changing in v7. You can use the `v7_relativeSplatPath` future flag to opt-in early. For more information, see https://reactrouter.com/v6/upgrading/future#v7_relativesplatpath. @ http://localhost:5000/node_modules/.vite/deps/react-router-dom.js?v=017f1e34:4435
[  329630ms] [VERBOSE] [DOM] Input elements should have autocomplete attributes (suggested: "current-password"): (More info: https://goo.gl/9p2vKq) %o @ http://localhost:5000/auth:0
[  329890ms] [INFO] %cDownload the React DevTools for a better development experience: https://reactjs.org/link/react-devtools font-weight:bold @ http://localhost:5000/node_modules/.vite/deps/chunk-T2SWDQEL.js?v=dfb9008b:21550
[  329954ms] [WARNING] âš ď¸Ź React Router Future Flag Warning: React Router will begin wrapping state updates in `React.startTransition` in v7. You can use the `v7_startTransition` future flag to opt-in early. For more information, see https://reactrouter.com/v6/upgrading/future#v7_starttransition. @ http://localhost:5000/node_modules/.vite/deps/react-router-dom.js?v=017f1e34:4435
[  329955ms] [WARNING] âš ď¸Ź React Router Future Flag Warning: Relative route resolution within Splat routes is changing in v7. You can use the `v7_relativeSplatPath` future flag to opt-in early. For more information, see https://reactrouter.com/v6/upgrading/future#v7_relativesplatpath. @ http://localhost:5000/node_modules/.vite/deps/react-router-dom.js?v=017f1e34:4435
[  330324ms] [INFO] %cDownload the React DevTools for a better development experience: https://reactjs.org/link/react-devtools font-weight:bold @ http://localhost:5000/node_modules/.vite/deps/chunk-T2SWDQEL.js?v=dfb9008b:21550
[  330375ms] [WARNING] âš ď¸Ź React Router Future Flag Warning: React Router will begin wrapping state updates in `React.startTransition` in v7. You can use the `v7_startTransition` future flag to opt-in early. For more information, see https://reactrouter.com/v6/upgrading/future#v7_starttransition. @ http://localhost:5000/node_modules/.vite/deps/react-router-dom.js?v=017f1e34:4435
[  330375ms] [WARNING] âš ď¸Ź React Router Future Flag Warning: Relative route resolution within Splat routes is changing in v7. You can use the `v7_relativeSplatPath` future flag to opt-in early. For more information, see https://reactrouter.com/v6/upgrading/future#v7_relativesplatpath. @ http://localhost:5000/node_modules/.vite/deps/react-router-dom.js?v=017f1e34:4435
[  330479ms] [VERBOSE] [DOM] Input elements should have autocomplete attributes (suggested: "current-password"): (More info: https://goo.gl/9p2vKq) %o @ http://localhost:5000/auth:0
[  330777ms] [INFO] %cDownload the React DevTools for a better development experience: https://reactjs.org/link/react-devtools font-weight:bold @ http://localhost:5000/node_modules/.vite/deps/chunk-T2SWDQEL.js?v=dfb9008b:21550
[  330823ms] [WARNING] âš ď¸Ź React Router Future Flag Warning: React Router will begin wrapping state updates in `React.startTransition` in v7. You can use the `v7_startTransition` future flag to opt-in early. For more information, see https://reactrouter.com/v6/upgrading/future#v7_starttransition. @ http://localhost:5000/node_modules/.vite/deps/react-router-dom.js?v=017f1e34:4435
[  330823ms] [WARNING] âš ď¸Ź React Router Future Flag Warning: Relative route resolution within Splat routes is changing in v7. You can use the `v7_relativeSplatPath` future flag to opt-in early. For more information, see https://reactrouter.com/v6/upgrading/future#v7_relativesplatpath. @ http://localhost:5000/node_modules/.vite/deps/react-router-dom.js?v=017f1e34:4435
[  330947ms] [VERBOSE] [DOM] Input elements should have autocomplete attributes (suggested: "current-password"): (More info: https://goo.gl/9p2vKq) %o @ http://localhost:5000/auth:0
[  331215ms] [INFO] %cDownload the React DevTools for a better development experience: https://reactjs.org/link/react-devtools font-weight:bold @ http://localhost:5000/node_modules/.vite/deps/chunk-T2SWDQEL.js?v=dfb9008b:21550
[  331269ms] [WARNING] âš ď¸Ź React Router Future Flag Warning: React Router will begin wrapping state updates in `React.startTransition` in v7. You can use the `v7_startTransition` future flag to opt-in early. For more information, see https://reactrouter.com/v6/upgrading/future#v7_starttransition. @ http://localhost:5000/node_modules/.vite/deps/react-router-dom.js?v=017f1e34:4435
[  331269ms] [WARNING] âš ď¸Ź React Router Future Flag Warning: Relative route resolution within Splat routes is changing in v7. You can use the `v7_relativeSplatPath` future flag to opt-in early. For more information, see https://reactrouter.com/v6/upgrading/future#v7_relativesplatpath. @ http://localhost:5000/node_modules/.vite/deps/react-router-dom.js?v=017f1e34:4435
[  331648ms] [INFO] %cDownload the React DevTools for a better development experience: https://reactjs.org/link/react-devtools font-weight:bold @ http://localhost:5000/node_modules/.vite/deps/chunk-T2SWDQEL.js?v=dfb9008b:21550
[  331705ms] [WARNING] âš ď¸Ź React Router Future Flag Warning: React Router will begin wrapping state updates in `React.startTransition` in v7. You can use the `v7_startTransition` future flag to opt-in early. For more information, see https://reactrouter.com/v6/upgrading/future#v7_starttransition. @ http://localhost:5000/node_modules/.vite/deps/react-router-dom.js?v=017f1e34:4435
[  331706ms] [WARNING] âš ď¸Ź React Router Future Flag Warning: Relative route resolution within Splat routes is changing in v7. You can use the `v7_relativeSplatPath` future flag to opt-in early. For more information, see https://reactrouter.com/v6/upgrading/future#v7_relativesplatpath. @ http://localhost:5000/node_modules/.vite/deps/react-router-dom.js?v=017f1e34:4435
[  332073ms] [INFO] %cDownload the React DevTools for a better development experience: https://reactjs.org/link/react-devtools font-weight:bold @ http://localhost:5000/node_modules/.vite/deps/chunk-T2SWDQEL.js?v=dfb9008b:21550
[  332117ms] [WARNING] No token found, redirecting to auth @ http://localhost:5000/src/pages/Cart.tsx:59
[  332118ms] [WARNING] âš ď¸Ź React Router Future Flag Warning: React Router will begin wrapping state updates in `React.startTransition` in v7. You can use the `v7_startTransition` future flag to opt-in early. For more information, see https://reactrouter.com/v6/upgrading/future#v7_starttransition. @ http://localhost:5000/node_modules/.vite/deps/react-router-dom.js?v=017f1e34:4435
[  332118ms] [WARNING] âš ď¸Ź React Router Future Flag Warning: Relative route resolution within Splat routes is changing in v7. You can use the `v7_relativeSplatPath` future flag to opt-in early. For more information, see https://reactrouter.com/v6/upgrading/future#v7_relativesplatpath. @ http://localhost:5000/node_modules/.vite/deps/react-router-dom.js?v=017f1e34:4435
[  332234ms] [VERBOSE] [DOM] Input elements should have autocomplete attributes (suggested: "current-password"): (More info: https://goo.gl/9p2vKq) %o @ http://localhost:5000/auth:0
[  332505ms] [INFO] %cDownload the React DevTools for a better development experience: https://reactjs.org/link/react-devtools font-weight:bold @ http://localhost:5000/node_modules/.vite/deps/chunk-T2SWDQEL.js?v=dfb9008b:21550
[  332550ms] [WARNING] âš ď¸Ź React Router Future Flag Warning: React Router will begin wrapping state updates in `React.startTransition` in v7. You can use the `v7_startTransition` future flag to opt-in early. For more information, see https://reactrouter.com/v6/upgrading/future#v7_starttransition. @ http://localhost:5000/node_modules/.vite/deps/react-router-dom.js?v=017f1e34:4435
[  332550ms] [WARNING] âš ď¸Ź React Router Future Flag Warning: Relative route resolution within Splat routes is changing in v7. You can use the `v7_relativeSplatPath` future flag to opt-in early. For more information, see https://reactrouter.com/v6/upgrading/future#v7_relativesplatpath. @ http://localhost:5000/node_modules/.vite/deps/react-router-dom.js?v=017f1e34:4435
[  332680ms] [VERBOSE] [DOM] Input elements should have autocomplete attributes (suggested: "current-password"): (More info: https://goo.gl/9p2vKq) %o @ http://localhost:5000/auth:0
[  332942ms] [INFO] %cDownload the React DevTools for a better development experience: https://reactjs.org/link/react-devtools font-weight:bold @ http://localhost:5000/node_modules/.vite/deps/chunk-T2SWDQEL.js?v=dfb9008b:21550
[  332993ms] [WARNING] âš ď¸Ź React Router Future Flag Warning: React Router will begin wrapping state updates in `React.startTransition` in v7. You can use the `v7_startTransition` future flag to opt-in early. For more information, see https://reactrouter.com/v6/upgrading/future#v7_starttransition. @ http://localhost:5000/node_modules/.vite/deps/react-router-dom.js?v=017f1e34:4435
[  332993ms] [WARNING] âš ď¸Ź React Router Future Flag Warning: Relative route resolution within Splat routes is changing in v7. You can use the `v7_relativeSplatPath` future flag to opt-in early. For more information, see https://reactrouter.com/v6/upgrading/future#v7_relativesplatpath. @ http://localhost:5000/node_modules/.vite/deps/react-router-dom.js?v=017f1e34:4435
[  333280ms] [ERROR] Failed to load services: TypeError: Failed to fetch
    at loadServices (http://localhost:5000/src/pages/SalonBooking.tsx:114:36)
    at http://localhost:5000/src/pages/SalonBooking.tsx:67:9
    at commitHookEffectListMount (http://localhost:5000/node_modules/.vite/deps/chunk-T2SWDQEL.js?v=dfb9008b:16915:34)
    at commitPassiveMountOnFiber (http://localhost:5000/node_modules/.vite/deps/chunk-T2SWDQEL.js?v=dfb9008b:18156:19)
    at commitPassiveMountEffects_complete (http://localhost:5000/node_modules/.vite/deps/chunk-T2SWDQEL.js?v=dfb9008b:18129:17)
    at commitPassiveMountEffects_begin (http://localhost:5000/node_modules/.vite/deps/chunk-T2SWDQEL.js?v=dfb9008b:18119:15)
    at commitPassiveMountEffects (http://localhost:5000/node_modules/.vite/deps/chunk-T2SWDQEL.js?v=dfb9008b:18109:11)
    at flushPassiveEffectsImpl (http://localhost:5000/node_modules/.vite/deps/chunk-T2SWDQEL.js?v=dfb9008b:19490:11)
    at flushPassiveEffects (http://localhost:5000/node_modules/.vite/deps/chunk-T2SWDQEL.js?v=dfb9008b:19447:22)
    at performSyncWorkOnRoot (http://localhost:5000/node_modules/.vite/deps/chunk-T2SWDQEL.js?v=dfb9008b:18868:11) @ http://localhost:5000/src/pages/SalonBooking.tsx:119
[  333388ms] [INFO] %cDownload the React DevTools for a better development experience: https://reactjs.org/link/react-devtools font-weight:bold @ http://localhost:5000/node_modules/.vite/deps/chunk-T2SWDQEL.js?v=dfb9008b:21550
[  333437ms] [WARNING] âš ď¸Ź React Router Future Flag Warning: React Router will begin wrapping state updates in `React.startTransition` in v7. You can use the `v7_startTransition` future flag to opt-in early. For more information, see https://reactrouter.com/v6/upgrading/future#v7_starttransition. @ http://localhost:5000/node_modules/.vite/deps/react-router-dom.js?v=017f1e34:4435
[  333437ms] [WARNING] âš ď¸Ź React Router Future Flag Warning: Relative route resolution within Splat routes is changing in v7. You can use the `v7_relativeSplatPath` future flag to opt-in early. For more information, see https://reactrouter.com/v6/upgrading/future#v7_relativesplatpath. @ http://localhost:5000/node_modules/.vite/deps/react-router-dom.js?v=017f1e34:4435
[  333562ms] [VERBOSE] [DOM] Input elements should have autocomplete attributes (suggested: "current-password"): (More info: https://goo.gl/9p2vKq) %o @ http://localhost:5000/auth:0
[  333821ms] [INFO] %cDownload the React DevTools for a better development experience: https://reactjs.org/link/react-devtools font-weight:bold @ http://localhost:5000/node_modules/.vite/deps/chunk-T2SWDQEL.js?v=dfb9008b:21550
[  333877ms] [WARNING] âš ď¸Ź React Router Future Flag Warning: React Router will begin wrapping state updates in `React.startTransition` in v7. You can use the `v7_startTransition` future flag to opt-in early. For more information, see https://reactrouter.com/v6/upgrading/future#v7_starttransition. @ http://localhost:5000/node_modules/.vite/deps/react-router-dom.js?v=017f1e34:4435
[  333877ms] [WARNING] âš ď¸Ź React Router Future Flag Warning: Relative route resolution within Splat routes is changing in v7. You can use the `v7_relativeSplatPath` future flag to opt-in early. For more information, see https://reactrouter.com/v6/upgrading/future#v7_relativesplatpath. @ http://localhost:5000/node_modules/.vite/deps/react-router-dom.js?v=017f1e34:4435
[  334276ms] [INFO] %cDownload the React DevTools for a better development experience: https://reactjs.org/link/react-devtools font-weight:bold @ http://localhost:5000/node_modules/.vite/deps/chunk-T2SWDQEL.js?v=dfb9008b:21550
[  334321ms] [WARNING] âš ď¸Ź React Router Future Flag Warning: React Router will begin wrapping state updates in `React.startTransition` in v7. You can use the `v7_startTransition` future flag to opt-in early. For more information, see https://reactrouter.com/v6/upgrading/future#v7_starttransition. @ http://localhost:5000/node_modules/.vite/deps/react-router-dom.js?v=017f1e34:4435
[  334321ms] [WARNING] âš ď¸Ź React Router Future Flag Warning: Relative route resolution within Splat routes is changing in v7. You can use the `v7_relativeSplatPath` future flag to opt-in early. For more information, see https://reactrouter.com/v6/upgrading/future#v7_relativesplatpath. @ http://localhost:5000/node_modules/.vite/deps/react-router-dom.js?v=017f1e34:4435
[  334446ms] [VERBOSE] [DOM] Input elements should have autocomplete attributes (suggested: "current-password"): (More info: https://goo.gl/9p2vKq) %o @ http://localhost:5000/auth:0
[  334690ms] [INFO] %cDownload the React DevTools for a better development experience: https://reactjs.org/link/react-devtools font-weight:bold @ http://localhost:5000/node_modules/.vite/deps/chunk-T2SWDQEL.js?v=dfb9008b:21550
[  334740ms] [WARNING] âš ď¸Ź React Router Future Flag Warning: React Router will begin wrapping state updates in `React.startTransition` in v7. You can use the `v7_startTransition` future flag to opt-in early. For more information, see https://reactrouter.com/v6/upgrading/future#v7_starttransition. @ http://localhost:5000/node_modules/.vite/deps/react-router-dom.js?v=017f1e34:4435
[  334740ms] [WARNING] âš ď¸Ź React Router Future Flag Warning: Relative route resolution within Splat routes is changing in v7. You can use the `v7_relativeSplatPath` future flag to opt-in early. For more information, see https://reactrouter.com/v6/upgrading/future#v7_relativesplatpath. @ http://localhost:5000/node_modules/.vite/deps/react-router-dom.js?v=017f1e34:4435
[  334863ms] [VERBOSE] [DOM] Input elements should have autocomplete attributes (suggested: "current-password"): (More info: https://goo.gl/9p2vKq) %o @ http://localhost:5000/auth:0
[  335124ms] [INFO] %cDownload the React DevTools for a better development experience: https://reactjs.org/link/react-devtools font-weight:bold @ http://localhost:5000/node_modules/.vite/deps/chunk-T2SWDQEL.js?v=dfb9008b:21550
[  335181ms] [WARNING] âš ď¸Ź React Router Future Flag Warning: React Router will begin wrapping state updates in `React.startTransition` in v7. You can use the `v7_startTransition` future flag to opt-in early. For more information, see https://reactrouter.com/v6/upgrading/future#v7_starttransition. @ http://localhost:5000/node_modules/.vite/deps/react-router-dom.js?v=017f1e34:4435
[  335181ms] [WARNING] âš ď¸Ź React Router Future Flag Warning: Relative route resolution within Splat routes is changing in v7. You can use the `v7_relativeSplatPath` future flag to opt-in early. For more information, see https://reactrouter.com/v6/upgrading/future#v7_relativesplatpath. @ http://localhost:5000/node_modules/.vite/deps/react-router-dom.js?v=017f1e34:4435
[  335326ms] [VERBOSE] [DOM] Input elements should have autocomplete attributes (suggested: "current-password"): (More info: https://goo.gl/9p2vKq) %o @ http://localhost:5000/auth:0
[  335564ms] [INFO] %cDownload the React DevTools for a better development experience: https://reactjs.org/link/react-devtools font-weight:bold @ http://localhost:5000/node_modules/.vite/deps/chunk-T2SWDQEL.js?v=dfb9008b:21550
[  335623ms] [WARNING] âš ď¸Ź React Router Future Flag Warning: React Router will begin wrapping state updates in `React.startTransition` in v7. You can use the `v7_startTransition` future flag to opt-in early. For more information, see https://reactrouter.com/v6/upgrading/future#v7_starttransition. @ http://localhost:5000/node_modules/.vite/deps/react-router-dom.js?v=017f1e34:4435
[  335623ms] [WARNING] âš ď¸Ź React Router Future Flag Warning: Relative route resolution within Splat routes is changing in v7. You can use the `v7_relativeSplatPath` future flag to opt-in early. For more information, see https://reactrouter.com/v6/upgrading/future#v7_relativesplatpath. @ http://localhost:5000/node_modules/.vite/deps/react-router-dom.js?v=017f1e34:4435
[  335746ms] [VERBOSE] [DOM] Input elements should have autocomplete attributes (suggested: "current-password"): (More info: https://goo.gl/9p2vKq) %o @ http://localhost:5000/auth:0
[  335999ms] [INFO] %cDownload the React DevTools for a better development experience: https://reactjs.org/link/react-devtools font-weight:bold @ http://localhost:5000/node_modules/.vite/deps/chunk-T2SWDQEL.js?v=dfb9008b:21550
[  336052ms] [WARNING] âš ď¸Ź React Router Future Flag Warning: React Router will begin wrapping state updates in `React.startTransition` in v7. You can use the `v7_startTransition` future flag to opt-in early. For more information, see https://reactrouter.com/v6/upgrading/future#v7_starttransition. @ http://localhost:5000/node_modules/.vite/deps/react-router-dom.js?v=017f1e34:4435
[  336052ms] [WARNING] âš ď¸Ź React Router Future Flag Warning: Relative route resolution within Splat routes is changing in v7. You can use the `v7_relativeSplatPath` future flag to opt-in early. For more information, see https://reactrouter.com/v6/upgrading/future#v7_relativesplatpath. @ http://localhost:5000/node_modules/.vite/deps/react-router-dom.js?v=017f1e34:4435
[  336179ms] [VERBOSE] [DOM] Input elements should have autocomplete attributes (suggested: "current-password"): (More info: https://goo.gl/9p2vKq) %o @ http://localhost:5000/auth:0
[  336466ms] [INFO] %cDownload the React DevTools for a better development experience: https://reactjs.org/link/react-devtools font-weight:bold @ http://localhost:5000/node_modules/.vite/deps/chunk-T2SWDQEL.js?v=dfb9008b:21550
[  336548ms] [WARNING] âš ď¸Ź React Router Future Flag Warning: React Router will begin wrapping state updates in `React.startTransition` in v7. You can use the `v7_startTransition` future flag to opt-in early. For more information, see https://reactrouter.com/v6/upgrading/future#v7_starttransition. @ http://localhost:5000/node_modules/.vite/deps/react-router-dom.js?v=017f1e34:4435
[  336549ms] [WARNING] âš ď¸Ź React Router Future Flag Warning: Relative route resolution within Splat routes is changing in v7. You can use the `v7_relativeSplatPath` future flag to opt-in early. For more information, see https://reactrouter.com/v6/upgrading/future#v7_relativesplatpath. @ http://localhost:5000/node_modules/.vite/deps/react-router-dom.js?v=017f1e34:4435
[  336916ms] [INFO] %cDownload the React DevTools for a better development experience: https://reactjs.org/link/react-devtools font-weight:bold @ http://localhost:5000/node_modules/.vite/deps/chunk-T2SWDQEL.js?v=dfb9008b:21550
[  336981ms] [WARNING] âš ď¸Ź React Router Future Flag Warning: React Router will begin wrapping state updates in `React.startTransition` in v7. You can use the `v7_startTransition` future flag to opt-in early. For more information, see https://reactrouter.com/v6/upgrading/future#v7_starttransition. @ http://localhost:5000/node_modules/.vite/deps/react-router-dom.js?v=017f1e34:4435
[  336981ms] [WARNING] âš ď¸Ź React Router Future Flag Warning: Relative route resolution within Splat routes is changing in v7. You can use the `v7_relativeSplatPath` future flag to opt-in early. For more information, see https://reactrouter.com/v6/upgrading/future#v7_relativesplatpath. @ http://localhost:5000/node_modules/.vite/deps/react-router-dom.js?v=017f1e34:4435
[  337078ms] [VERBOSE] [DOM] Input elements should have autocomplete attributes (suggested: "current-password"): (More info: https://goo.gl/9p2vKq) %o @ http://localhost:5000/auth:0
[  337346ms] [INFO] %cDownload the React DevTools for a better development experience: https://reactjs.org/link/react-devtools font-weight:bold @ http://localhost:5000/node_modules/.vite/deps/chunk-T2SWDQEL.js?v=dfb9008b:21550
[  337400ms] [WARNING] âš ď¸Ź React Router Future Flag Warning: React Router will begin wrapping state updates in `React.startTransition` in v7. You can use the `v7_startTransition` future flag to opt-in early. For more information, see https://reactrouter.com/v6/upgrading/future#v7_starttransition. @ http://localhost:5000/node_modules/.vite/deps/react-router-dom.js?v=017f1e34:4435
[  337400ms] [WARNING] âš ď¸Ź React Router Future Flag Warning: Relative route resolution within Splat routes is changing in v7. You can use the `v7_relativeSplatPath` future flag to opt-in early. For more information, see https://reactrouter.com/v6/upgrading/future#v7_relativesplatpath. @ http://localhost:5000/node_modules/.vite/deps/react-router-dom.js?v=017f1e34:4435
[  337518ms] [VERBOSE] [DOM] Input elements should have autocomplete attributes (suggested: "current-password"): (More info: https://goo.gl/9p2vKq) %o @ http://localhost:5000/auth:0
[  337824ms] [INFO] %cDownload the React DevTools for a better development experience: https://reactjs.org/link/react-devtools font-weight:bold @ http://localhost:5000/node_modules/.vite/deps/chunk-T2SWDQEL.js?v=dfb9008b:21550
[  337892ms] [WARNING] âš ď¸Ź React Router Future Flag Warning: React Router will begin wrapping state updates in `React.startTransition` in v7. You can use the `v7_startTransition` future flag to opt-in early. For more information, see https://reactrouter.com/v6/upgrading/future#v7_starttransition. @ http://localhost:5000/node_modules/.vite/deps/react-router-dom.js?v=017f1e34:4435
[  337892ms] [WARNING] âš ď¸Ź React Router Future Flag Warning: Relative route resolution within Splat routes is changing in v7. You can use the `v7_relativeSplatPath` future flag to opt-in early. For more information, see https://reactrouter.com/v6/upgrading/future#v7_relativesplatpath. @ http://localhost:5000/node_modules/.vite/deps/react-router-dom.js?v=017f1e34:4435
[  338274ms] [INFO] %cDownload the React DevTools for a better development experience: https://reactjs.org/link/react-devtools font-weight:bold @ http://localhost:5000/node_modules/.vite/deps/chunk-T2SWDQEL.js?v=dfb9008b:21550
[  338352ms] [WARNING] âš ď¸Ź React Router Future Flag Warning: React Router will begin wrapping state updates in `React.startTransition` in v7. You can use the `v7_startTransition` future flag to opt-in early. For more information, see https://reactrouter.com/v6/upgrading/future#v7_starttransition. @ http://localhost:5000/node_modules/.vite/deps/react-router-dom.js?v=017f1e34:4435
[  338352ms] [WARNING] âš ď¸Ź React Router Future Flag Warning: Relative route resolution within Splat routes is changing in v7. You can use the `v7_relativeSplatPath` future flag to opt-in early. For more information, see https://reactrouter.com/v6/upgrading/future#v7_relativesplatpath. @ http://localhost:5000/node_modules/.vite/deps/react-router-dom.js?v=017f1e34:4435
[  338764ms] [INFO] %cDownload the React DevTools for a better development experience: https://reactjs.org/link/react-devtools font-weight:bold @ http://localhost:5000/node_modules/.vite/deps/chunk-T2SWDQEL.js?v=dfb9008b:21550
[  338836ms] [WARNING] No token found, redirecting to auth @ http://localhost:5000/src/pages/Cart.tsx:59
[  338836ms] [WARNING] âš ď¸Ź React Router Future Flag Warning: React Router will begin wrapping state updates in `React.startTransition` in v7. You can use the `v7_startTransition` future flag to opt-in early. For more information, see https://reactrouter.com/v6/upgrading/future#v7_starttransition. @ http://localhost:5000/node_modules/.vite/deps/react-router-dom.js?v=017f1e34:4435
[  338837ms] [WARNING] âš ď¸Ź React Router Future Flag Warning: Relative route resolution within Splat routes is changing in v7. You can use the `v7_relativeSplatPath` future flag to opt-in early. For more information, see https://reactrouter.com/v6/upgrading/future#v7_relativesplatpath. @ http://localhost:5000/node_modules/.vite/deps/react-router-dom.js?v=017f1e34:4435
[  338961ms] [VERBOSE] [DOM] Input elements should have autocomplete attributes (suggested: "current-password"): (More info: https://goo.gl/9p2vKq) %o @ http://localhost:5000/auth:0
[  339235ms] [INFO] %cDownload the React DevTools for a better development experience: https://reactjs.org/link/react-devtools font-weight:bold @ http://localhost:5000/node_modules/.vite/deps/chunk-T2SWDQEL.js?v=dfb9008b:21550
[  339289ms] [WARNING] âš ď¸Ź React Router Future Flag Warning: React Router will begin wrapping state updates in `React.startTransition` in v7. You can use the `v7_startTransition` future flag to opt-in early. For more information, see https://reactrouter.com/v6/upgrading/future#v7_starttransition. @ http://localhost:5000/node_modules/.vite/deps/react-router-dom.js?v=017f1e34:4435
[  339289ms] [WARNING] âš ď¸Ź React Router Future Flag Warning: Relative route resolution within Splat routes is changing in v7. You can use the `v7_relativeSplatPath` future flag to opt-in early. For more information, see https://reactrouter.com/v6/upgrading/future#v7_relativesplatpath. @ http://localhost:5000/node_modules/.vite/deps/react-router-dom.js?v=017f1e34:4435
[  339413ms] [VERBOSE] [DOM] Input elements should have autocomplete attributes (suggested: "current-password"): (More info: https://goo.gl/9p2vKq) %o @ http://localhost:5000/auth:0
[  339685ms] [INFO] %cDownload the React DevTools for a better development experience: https://reactjs.org/link/react-devtools font-weight:bold @ http://localhost:5000/node_modules/.vite/deps/chunk-T2SWDQEL.js?v=dfb9008b:21550
[  339747ms] [WARNING] âš ď¸Ź React Router Future Flag Warning: React Router will begin wrapping state updates in `React.startTransition` in v7. You can use the `v7_startTransition` future flag to opt-in early. For more information, see https://reactrouter.com/v6/upgrading/future#v7_starttransition. @ http://localhost:5000/node_modules/.vite/deps/react-router-dom.js?v=017f1e34:4435
[  339748ms] [WARNING] âš ď¸Ź React Router Future Flag Warning: Relative route resolution within Splat routes is changing in v7. You can use the `v7_relativeSplatPath` future flag to opt-in early. For more information, see https://reactrouter.com/v6/upgrading/future#v7_relativesplatpath. @ http://localhost:5000/node_modules/.vite/deps/react-router-dom.js?v=017f1e34:4435
[  340011ms] [ERROR] Failed to load services: TypeError: Failed to fetch
    at loadServices (http://localhost:5000/src/pages/SalonBooking.tsx:114:36)
    at http://localhost:5000/src/pages/SalonBooking.tsx:67:9
    at commitHookEffectListMount (http://localhost:5000/node_modules/.vite/deps/chunk-T2SWDQEL.js?v=dfb9008b:16915:34)
    at commitPassiveMountOnFiber (http://localhost:5000/node_modules/.vite/deps/chunk-T2SWDQEL.js?v=dfb9008b:18156:19)
    at commitPassiveMountEffects_complete (http://localhost:5000/node_modules/.vite/deps/chunk-T2SWDQEL.js?v=dfb9008b:18129:17)
    at commitPassiveMountEffects_begin (http://localhost:5000/node_modules/.vite/deps/chunk-T2SWDQEL.js?v=dfb9008b:18119:15)
    at commitPassiveMountEffects (http://localhost:5000/node_modules/.vite/deps/chunk-T2SWDQEL.js?v=dfb9008b:18109:11)
    at flushPassiveEffectsImpl (http://localhost:5000/node_modules/.vite/deps/chunk-T2SWDQEL.js?v=dfb9008b:19490:11)
    at flushPassiveEffects (http://localhost:5000/node_modules/.vite/deps/chunk-T2SWDQEL.js?v=dfb9008b:19447:22)
    at performSyncWorkOnRoot (http://localhost:5000/node_modules/.vite/deps/chunk-T2SWDQEL.js?v=dfb9008b:18868:11) @ http://localhost:5000/src/pages/SalonBooking.tsx:119
[  340119ms] [INFO] %cDownload the React DevTools for a better development experience: https://reactjs.org/link/react-devtools font-weight:bold @ http://localhost:5000/node_modules/.vite/deps/chunk-T2SWDQEL.js?v=dfb9008b:21550
[  340173ms] [WARNING] âš ď¸Ź React Router Future Flag Warning: React Router will begin wrapping state updates in `React.startTransition` in v7. You can use the `v7_startTransition` future flag to opt-in early. For more information, see https://reactrouter.com/v6/upgrading/future#v7_starttransition. @ http://localhost:5000/node_modules/.vite/deps/react-router-dom.js?v=017f1e34:4435
[  340173ms] [WARNING] âš ď¸Ź React Router Future Flag Warning: Relative route resolution within Splat routes is changing in v7. You can use the `v7_relativeSplatPath` future flag to opt-in early. For more information, see https://reactrouter.com/v6/upgrading/future#v7_relativesplatpath. @ http://localhost:5000/node_modules/.vite/deps/react-router-dom.js?v=017f1e34:4435
[  340295ms] [VERBOSE] [DOM] Input elements should have autocomplete attributes (suggested: "current-password"): (More info: https://goo.gl/9p2vKq) %o @ http://localhost:5000/auth:0
[  340557ms] [INFO] %cDownload the React DevTools for a better development experience: https://reactjs.org/link/react-devtools font-weight:bold @ http://localhost:5000/node_modules/.vite/deps/chunk-T2SWDQEL.js?v=dfb9008b:21550
[  340615ms] [WARNING] âš ď¸Ź React Router Future Flag Warning: React Router will begin wrapping state updates in `React.startTransition` in v7. You can use the `v7_startTransition` future flag to opt-in early. For more information, see https://reactrouter.com/v6/upgrading/future#v7_starttransition. @ http://localhost:5000/node_modules/.vite/deps/react-router-dom.js?v=017f1e34:4435
[  340615ms] [WARNING] âš ď¸Ź React Router Future Flag Warning: Relative route resolution within Splat routes is changing in v7. You can use the `v7_relativeSplatPath` future flag to opt-in early. For more information, see https://reactrouter.com/v6/upgrading/future#v7_relativesplatpath. @ http://localhost:5000/node_modules/.vite/deps/react-router-dom.js?v=017f1e34:4435
[  341017ms] [INFO] %cDownload the React DevTools for a better development experience: https://reactjs.org/link/react-devtools font-weight:bold @ http://localhost:5000/node_modules/.vite/deps/chunk-T2SWDQEL.js?v=dfb9008b:21550
[  341072ms] [WARNING] âš ď¸Ź React Router Future Flag Warning: React Router will begin wrapping state updates in `React.startTransition` in v7. You can use the `v7_startTransition` future flag to opt-in early. For more information, see https://reactrouter.com/v6/upgrading/future#v7_starttransition. @ http://localhost:5000/node_modules/.vite/deps/react-router-dom.js?v=017f1e34:4435
[  341072ms] [WARNING] âš ď¸Ź React Router Future Flag Warning: Relative route resolution within Splat routes is changing in v7. You can use the `v7_relativeSplatPath` future flag to opt-in early. For more information, see https://reactrouter.com/v6/upgrading/future#v7_relativesplatpath. @ http://localhost:5000/node_modules/.vite/deps/react-router-dom.js?v=017f1e34:4435
[  341194ms] [VERBOSE] [DOM] Input elements should have autocomplete attributes (suggested: "current-password"): (More info: https://goo.gl/9p2vKq) %o @ http://localhost:5000/auth:0
[  341452ms] [INFO] %cDownload the React DevTools for a better development experience: https://reactjs.org/link/react-devtools font-weight:bold @ http://localhost:5000/node_modules/.vite/deps/chunk-T2SWDQEL.js?v=dfb9008b:21550
[  341507ms] [WARNING] âš ď¸Ź React Router Future Flag Warning: React Router will begin wrapping state updates in `React.startTransition` in v7. You can use the `v7_startTransition` future flag to opt-in early. For more information, see https://reactrouter.com/v6/upgrading/future#v7_starttransition. @ http://localhost:5000/node_modules/.vite/deps/react-router-dom.js?v=017f1e34:4435
[  341507ms] [WARNING] âš ď¸Ź React Router Future Flag Warning: Relative route resolution within Splat routes is changing in v7. You can use the `v7_relativeSplatPath` future flag to opt-in early. For more information, see https://reactrouter.com/v6/upgrading/future#v7_relativesplatpath. @ http://localhost:5000/node_modules/.vite/deps/react-router-dom.js?v=017f1e34:4435
[  341628ms] [VERBOSE] [DOM] Input elements should have autocomplete attributes (suggested: "current-password"): (More info: https://goo.gl/9p2vKq) %o @ http://localhost:5000/auth:0
[  341885ms] [INFO] %cDownload the React DevTools for a better development experience: https://reactjs.org/link/react-devtools font-weight:bold @ http://localhost:5000/node_modules/.vite/deps/chunk-T2SWDQEL.js?v=dfb9008b:21550
[  341937ms] [WARNING] âš ď¸Ź React Router Future Flag Warning: React Router will begin wrapping state updates in `React.startTransition` in v7. You can use the `v7_startTransition` future flag to opt-in early. For more information, see https://reactrouter.com/v6/upgrading/future#v7_starttransition. @ http://localhost:5000/node_modules/.vite/deps/react-router-dom.js?v=017f1e34:4435
[  341937ms] [WARNING] âš ď¸Ź React Router Future Flag Warning: Relative route resolution within Splat routes is changing in v7. You can use the `v7_relativeSplatPath` future flag to opt-in early. For more information, see https://reactrouter.com/v6/upgrading/future#v7_relativesplatpath. @ http://localhost:5000/node_modules/.vite/deps/react-router-dom.js?v=017f1e34:4435
[  342054ms] [VERBOSE] [DOM] Input elements should have autocomplete attributes (suggested: "current-password"): (More info: https://goo.gl/9p2vKq) %o @ http://localhost:5000/auth:0
[  342312ms] [INFO] %cDownload the React DevTools for a better development experience: https://reactjs.org/link/react-devtools font-weight:bold @ http://localhost:5000/node_modules/.vite/deps/chunk-T2SWDQEL.js?v=dfb9008b:21550
[  342358ms] [WARNING] âš ď¸Ź React Router Future Flag Warning: React Router will begin wrapping state updates in `React.startTransition` in v7. You can use the `v7_startTransition` future flag to opt-in early. For more information, see https://reactrouter.com/v6/upgrading/future#v7_starttransition. @ http://localhost:5000/node_modules/.vite/deps/react-router-dom.js?v=017f1e34:4435
[  342359ms] [WARNING] âš ď¸Ź React Router Future Flag Warning: Relative route resolution within Splat routes is changing in v7. You can use the `v7_relativeSplatPath` future flag to opt-in early. For more information, see https://reactrouter.com/v6/upgrading/future#v7_relativesplatpath. @ http://localhost:5000/node_modules/.vite/deps/react-router-dom.js?v=017f1e34:4435
[  342480ms] [VERBOSE] [DOM] Input elements should have autocomplete attributes (suggested: "current-password"): (More info: https://goo.gl/9p2vKq) %o @ http://localhost:5000/auth:0
[  342758ms] [INFO] %cDownload the React DevTools for a better development experience: https://reactjs.org/link/react-devtools font-weight:bold @ http://localhost:5000/node_modules/.vite/deps/chunk-T2SWDQEL.js?v=dfb9008b:21550
[  342805ms] [WARNING] âš ď¸Ź React Router Future Flag Warning: React Router will begin wrapping state updates in `React.startTransition` in v7. You can use the `v7_startTransition` future flag to opt-in early. For more information, see https://reactrouter.com/v6/upgrading/future#v7_starttransition. @ http://localhost:5000/node_modules/.vite/deps/react-router-dom.js?v=017f1e34:4435
[  342805ms] [WARNING] âš ď¸Ź React Router Future Flag Warning: Relative route resolution within Splat routes is changing in v7. You can use the `v7_relativeSplatPath` future flag to opt-in early. For more information, see https://reactrouter.com/v6/upgrading/future#v7_relativesplatpath. @ http://localhost:5000/node_modules/.vite/deps/react-router-dom.js?v=017f1e34:4435
[  342928ms] [VERBOSE] [DOM] Input elements should have autocomplete attributes (suggested: "current-password"): (More info: https://goo.gl/9p2vKq) %o @ http://localhost:5000/auth:0
